[  0%] Built target sensor_msgs_generate_messages_nodejs
[  0%] Built target tf2_msgs_generate_messages_nodejs
[  0%] Built target tf2_msgs_generate_messages_lisp
[  0%] Built target tf2_msgs_generate_messages_cpp
[  0%] Built target actionlib_msgs_generate_messages_eus
[  0%] Built target actionlib_generate_messages_nodejs
[  0%] Built target nav_msgs_generate_messages_py
[  0%] Built target actionlib_msgs_generate_messages_cpp
[  0%] Built target nav_msgs_generate_messages_lisp
[  0%] Built target nav_msgs_generate_messages_eus
[  0%] Built target nav_msgs_generate_messages_cpp
[  0%] Built target tf2_msgs_generate_messages_eus
[  0%] Built target sensor_msgs_generate_messages_py
[  0%] Built target actionlib_generate_messages_py
[  0%] Built target diagnostic_msgs_generate_messages_lisp
[  0%] Built target mav_msgs_generate_messages_lisp
[  0%] Built target std_msgs_generate_messages_cpp
[  0%] Built target trajectory_msgs_generate_messages_lisp
[  0%] Built target uuid_msgs_generate_messages_nodejs
[  0%] Built target trajectory_msgs_generate_messages_nodejs
[  0%] Built target tf2_msgs_generate_messages_py
[  0%] Built target mav_msgs_generate_messages_py
[  0%] Built target mavros_msgs_generate_messages_cpp
[  0%] Built target actionlib_generate_messages_cpp
[  0%] Built target mav_msgs_generate_messages_nodejs
[  0%] Built target roscpp_generate_messages_cpp
[  0%] Built target diagnostic_msgs_generate_messages_eus
[  0%] Built target std_msgs_generate_messages_py
[  0%] Built target std_msgs_generate_messages_nodejs
[  0%] Built target geometry_msgs_generate_messages_eus
[  0%] Built target geometry_msgs_generate_messages_py
[  0%] Built target actionlib_generate_messages_lisp
[  0%] Built target roscpp_generate_messages_lisp
[  0%] Built target mavros_msgs_generate_messages_eus
[  0%] Built target rosgraph_msgs_generate_messages_lisp
[  0%] Built target diagnostic_msgs_generate_messages_cpp
[  0%] Built target rosgraph_msgs_generate_messages_py
[  0%] Built target geometry_msgs_generate_messages_cpp
[  0%] Built target trajectory_msgs_generate_messages_cpp
[  0%] Built target geometry_msgs_generate_messages_lisp
[  0%] Built target actionlib_msgs_generate_messages_nodejs
[  0%] Built target std_msgs_generate_messages_eus
[  0%] Built target actionlib_msgs_generate_messages_lisp
[  0%] Built target mavros_msgs_generate_messages_py
[  0%] Built target mav_msgs_generate_messages_eus
[  0%] Built target geometry_msgs_generate_messages_nodejs
[  0%] Built target std_msgs_generate_messages_lisp
[  0%] Built target mav_msgs_generate_messages_cpp
[  0%] Built target uuid_msgs_generate_messages_eus
[  0%] Built target uuid_msgs_generate_messages_cpp
[  0%] Built target roscpp_generate_messages_eus
[  0%] Built target trajectory_msgs_generate_messages_eus
[  0%] Built target roscpp_generate_messages_nodejs
[  0%] Built target roscpp_generate_messages_py
[  0%] Built target rosgraph_msgs_generate_messages_cpp
[  0%] Built target actionlib_generate_messages_eus
[  0%] Built target trajectory_msgs_generate_messages_py
[  0%] Built target rosgraph_msgs_generate_messages_nodejs
[  0%] Built target diagnostic_msgs_generate_messages_nodejs
[  0%] Built target geographic_msgs_generate_messages_cpp
[  0%] Built target uuid_msgs_generate_messages_lisp
[  0%] Built target geographic_msgs_generate_messages_eus
[  0%] Built target rosgraph_msgs_generate_messages_eus
[  0%] Built target geographic_msgs_generate_messages_lisp
[  0%] Built target diagnostic_msgs_generate_messages_py
[  0%] Built target nav_msgs_generate_messages_nodejs
[  0%] Built target geographic_msgs_generate_messages_nodejs
[  0%] Built target sensor_msgs_generate_messages_cpp
[  0%] Built target geographic_msgs_generate_messages_py
[  0%] Built target sensor_msgs_generate_messages_lisp
[  0%] Built target sensor_msgs_generate_messages_eus
[  0%] Built target uuid_msgs_generate_messages_py
[  0%] Built target actionlib_msgs_generate_messages_py
[  0%] Built target mavros_msgs_generate_messages_lisp
[  0%] Built target mavros_msgs_generate_messages_nodejs
[ 20%] [32mBuilding CXX object CMakeFiles/rotors_hil_interface.dir/src/hil_sensor_level_interface.cpp.o[0m
[ 40%] [32mBuilding CXX object CMakeFiles/rotors_hil_interface.dir/src/hil_state_level_interface.cpp.o[0m
In file included from [01m[K/opt/ros/noetic/include/mavlink/v2.0/common/common.h:2587[m[K,
                 from [01m[K/opt/ros/noetic/include/mavlink/v2.0/common/mavlink.h:32[m[K,
                 from [01m[K/home/harshit/2022_tracking/src/rotors_simulator/rotors_hil_interface/include/rotors_hil_interface/hil_interface.h:27[m[K,
                 from [01m[K/home/harshit/2022_tracking/src/rotors_simulator/rotors_hil_interface/src/hil_state_level_interface.cpp:17[m[K:
[01m[K/opt/ros/noetic/include/mavlink/v2.0/common/./mavlink_msg_set_attitude_target.h:[m[K In function ‘[01m[Kuint16_t mavlink_msg_set_attitude_target_encode(uint8_t, uint8_t, mavlink_message_t*, const mavlink_set_attitude_target_t*)[m[K’:
[01m[K/opt/ros/noetic/include/mavlink/v2.0/common/./mavlink_msg_set_attitude_target.h:183:242:[m[K [01;35m[Kwarning: [m[Ktaking address of packed member of ‘[01m[K__mavlink_set_attitude_target_t[m[K’ may result in an unaligned pointer value [[01;35m[K-Waddress-of-packed-member[m[K]
  183 |     return mavlink_msg_set_attitude_target_pack(system_id, component_id, msg, set_attitude_target->time_boot_ms, set_attitude_target->target_system, set_attitude_target->target_component, set_attitude_target->type_mask, [01;35m[Kset_attitude_target->q[m[K, set_attitude_target->body_roll_rate, set_attitude_target->body_pitch_rate, set_attitude_target->body_yaw_rate, set_attitude_target->thrust, set_attitude_target->thrust_body);
      |                                                                                                                                                                                                                             [01;35m[K~~~~~~~~~~~~~~~~~~~~~^[m[K
In file included from [01m[K/opt/ros/noetic/include/mavlink/v2.0/common/common.h:2587[m[K,
                 from [01m[K/opt/ros/noetic/include/mavlink/v2.0/common/mavlink.h:32[m[K,
                 from [01m[K/home/harshit/2022_tracking/src/rotors_simulator/rotors_hil_interface/include/rotors_hil_interface/hil_interface.h:27[m[K,
                 from [01m[K/home/harshit/2022_tracking/src/rotors_simulator/rotors_hil_interface/src/hil_state_level_interface.cpp:17[m[K:
[01m[K/opt/ros/noetic/include/mavlink/v2.0/common/./mavlink_msg_set_attitude_target.h:183:406:[m[K [01;35m[Kwarning: [m[Ktaking address of packed member of ‘[01m[K__mavlink_set_attitude_target_t[m[K’ may result in an unaligned pointer value [[01;35m[K-Waddress-of-packed-member[m[K]
  183 |     return mavlink_msg_set_attitude_target_pack(system_id, component_id, msg, set_attitude_target->time_boot_ms, set_attitude_target->target_system, set_attitude_target->target_component, set_attitude_target->type_mask, set_attitude_target->q, set_attitude_target->body_roll_rate, set_attitude_target->body_pitch_rate, set_attitude_target->body_yaw_rate, set_attitude_target->thrust, [01;35m[Kset_attitude_target->thrust_body[m[K);
      |                                                                                                                                                                                                                                                                                                                                                                                                 [01;35m[K~~~~~~~~~~~~~~~~~~~~~^~~~~~~~~~~[m[K
[01m[K/opt/ros/noetic/include/mavlink/v2.0/common/./mavlink_msg_set_attitude_target.h:[m[K In function ‘[01m[Kuint16_t mavlink_msg_set_attitude_target_encode_chan(uint8_t, uint8_t, uint8_t, mavlink_message_t*, const mavlink_set_attitude_target_t*)[m[K’:
[01m[K/opt/ros/noetic/include/mavlink/v2.0/common/./mavlink_msg_set_attitude_target.h:197:253:[m[K [01;35m[Kwarning: [m[Ktaking address of packed member of ‘[01m[K__mavlink_set_attitude_target_t[m[K’ may result in an unaligned pointer value [[01;35m[K-Waddress-of-packed-member[m[K]
  197 |     return mavlink_msg_set_attitude_target_pack_chan(system_id, component_id, chan, msg, set_attitude_target->time_boot_ms, set_attitude_target->target_system, set_attitude_target->target_component, set_attitude_target->type_mask, [01;35m[Kset_attitude_target->q[m[K, set_attitude_target->body_roll_rate, set_attitude_target->body_pitch_rate, set_attitude_target->body_yaw_rate, set_attitude_target->thrust, set_attitude_target->thrust_body);
      |                                                                                                                                                                                                                                        [01;35m[K~~~~~~~~~~~~~~~~~~~~~^[m[K
[01m[K/opt/ros/noetic/include/mavlink/v2.0/common/./mavlink_msg_set_attitude_target.h:197:417:[m[K [01;35m[Kwarning: [m[Ktaking address of packed member of ‘[01m[K__mavlink_set_attitude_target_t[m[K’ may result in an unaligned pointer value [[01;35m[K-Waddress-of-packed-member[m[K]
  197 |     return mavlink_msg_set_attitude_target_pack_chan(system_id, component_id, chan, msg, set_attitude_target->time_boot_ms, set_attitude_target->target_system, set_attitude_target->target_component, set_attitude_target->type_mask, set_attitude_target->q, set_attitude_target->body_roll_rate, set_attitude_target->body_pitch_rate, set_attitude_target->body_yaw_rate, set_attitude_target->thrust, [01;35m[Kset_attitude_target->thrust_body[m[K);
      |                                                                                                                                                                                                                                                                                                                                                                                                            [01;35m[K~~~~~~~~~~~~~~~~~~~~~^~~~~~~~~~~[m[K
In file included from [01m[K/opt/ros/noetic/include/mavlink/v2.0/common/common.h:2630[m[K,
                 from [01m[K/opt/ros/noetic/include/mavlink/v2.0/common/mavlink.h:32[m[K,
                 from [01m[K/home/harshit/2022_tracking/src/rotors_simulator/rotors_hil_interface/include/rotors_hil_interface/hil_interface.h:27[m[K,
                 from [01m[K/home/harshit/2022_tracking/src/rotors_simulator/rotors_hil_interface/src/hil_state_level_interface.cpp:17[m[K:
[01m[K/opt/ros/noetic/include/mavlink/v2.0/common/./mavlink_msg_distance_sensor.h:[m[K In function ‘[01m[Kuint16_t mavlink_msg_distance_sensor_encode(uint8_t, uint8_t, mavlink_message_t*, const mavlink_distance_sensor_t*)[m[K’:
[01m[K/opt/ros/noetic/include/mavlink/v2.0/common/./mavlink_msg_distance_sensor.h:200:387:[m[K [01;35m[Kwarning: [m[Ktaking address of packed member of ‘[01m[K__mavlink_distance_sensor_t[m[K’ may result in an unaligned pointer value [[01;35m[K-Waddress-of-packed-member[m[K]
  200 |     return mavlink_msg_distance_sensor_pack(system_id, component_id, msg, distance_sensor->time_boot_ms, distance_sensor->min_distance, distance_sensor->max_distance, distance_sensor->current_distance, distance_sensor->type, distance_sensor->id, distance_sensor->orientation, distance_sensor->covariance, distance_sensor->horizontal_fov, distance_sensor->vertical_fov, [01;35m[Kdistance_sensor->quaternion[m[K, distance_sensor->signal_quality);
      |                                                                                                                                                                                                                                                                                                                                                                                  [01;35m[K~~~~~~~~~~~~~~~~~^~~~~~~~~~[m[K
[01m[K/opt/ros/noetic/include/mavlink/v2.0/common/./mavlink_msg_distance_sensor.h:[m[K In function ‘[01m[Kuint16_t mavlink_msg_distance_sensor_encode_chan(uint8_t, uint8_t, uint8_t, mavlink_message_t*, const mavlink_distance_sensor_t*)[m[K’:
[01m[K/opt/ros/noetic/include/mavlink/v2.0/common/./mavlink_msg_distance_sensor.h:214:398:[m[K [01;35m[Kwarning: [m[Ktaking address of packed member of ‘[01m[K__mavlink_distance_sensor_t[m[K’ may result in an unaligned pointer value [[01;35m[K-Waddress-of-packed-member[m[K]
  214 |     return mavlink_msg_distance_sensor_pack_chan(system_id, component_id, chan, msg, distance_sensor->time_boot_ms, distance_sensor->min_distance, distance_sensor->max_distance, distance_sensor->current_distance, distance_sensor->type, distance_sensor->id, distance_sensor->orientation, distance_sensor->covariance, distance_sensor->horizontal_fov, distance_sensor->vertical_fov, [01;35m[Kdistance_sensor->quaternion[m[K, distance_sensor->signal_quality);
      |                                                                                                                                                                                                                                                                                                                                                                                             [01;35m[K~~~~~~~~~~~~~~~~~^~~~~~~~~~[m[K
In file included from [01m[K/opt/ros/noetic/include/mavlink/v2.0/common/common.h:2644[m[K,
                 from [01m[K/opt/ros/noetic/include/mavlink/v2.0/common/mavlink.h:32[m[K,
                 from [01m[K/home/harshit/2022_tracking/src/rotors_simulator/rotors_hil_interface/include/rotors_hil_interface/hil_interface.h:27[m[K,
                 from [01m[K/home/harshit/2022_tracking/src/rotors_simulator/rotors_hil_interface/src/hil_state_level_interface.cpp:17[m[K:
[01m[K/opt/ros/noetic/include/mavlink/v2.0/common/./mavlink_msg_battery_status.h:[m[K In function ‘[01m[Kuint16_t mavlink_msg_battery_status_encode(uint8_t, uint8_t, mavlink_message_t*, const mavlink_battery_status_t*)[m[K’:
[01m[K/opt/ros/noetic/include/mavlink/v2.0/common/./mavlink_msg_battery_status.h:219:195:[m[K [01;35m[Kwarning: [m[Ktaking address of packed member of ‘[01m[K__mavlink_battery_status_t[m[K’ may result in an unaligned pointer value [[01;35m[K-Waddress-of-packed-member[m[K]
  219 |     return mavlink_msg_battery_status_pack(system_id, component_id, msg, battery_status->id, battery_status->battery_function, battery_status->type, battery_status->temperature, [01;35m[Kbattery_status->voltages[m[K, battery_status->current_battery, battery_status->current_consumed, battery_status->energy_consumed, battery_status->battery_remaining, battery_status->time_remaining, battery_status->charge_state, battery_status->voltages_ext, battery_status->mode, battery_status->fault_bitmask);
      |                                                                                                                                                                                   [01;35m[K~~~~~~~~~~~~~~~~^~~~~~~~[m[K
[01m[K/opt/ros/noetic/include/mavlink/v2.0/common/./mavlink_msg_battery_status.h:219:418:[m[K [01;35m[Kwarning: [m[Ktaking address of packed member of ‘[01m[K__mavlink_battery_status_t[m[K’ may result in an unaligned pointer value [[01;35m[K-Waddress-of-packed-member[m[K]
  219 |     return mavlink_msg_battery_status_pack(system_id, component_id, msg, battery_status->id, battery_status->battery_function, battery_status->type, battery_status->temperature, battery_status->voltages, battery_status->current_battery, battery_status->current_consumed, battery_status->energy_consumed, battery_status->battery_remaining, battery_status->time_remaining, battery_status->charge_state, [01;35m[Kbattery_status->voltages_ext[m[K, battery_status->mode, battery_status->fault_bitmask);
      |                                                                                                                                                                                                                                                                                                                                                                                                                  [01;35m[K~~~~~~~~~~~~~~~~^~~~~~~~~~~~[m[K
[01m[K/opt/ros/noetic/include/mavlink/v2.0/common/./mavlink_msg_battery_status.h:[m[K In function ‘[01m[Kuint16_t mavlink_msg_battery_status_encode_chan(uint8_t, uint8_t, uint8_t, mavlink_message_t*, const mavlink_battery_status_t*)[m[K’:
[01m[K/opt/ros/noetic/include/mavlink/v2.0/common/./mavlink_msg_battery_status.h:233:206:[m[K [01;35m[Kwarning: [m[Ktaking address of packed member of ‘[01m[K__mavlink_battery_status_t[m[K’ may result in an unaligned pointer value [[01;35m[K-Waddress-of-packed-member[m[K]
  233 |     return mavlink_msg_battery_status_pack_chan(system_id, component_id, chan, msg, battery_status->id, battery_status->battery_function, battery_status->type, battery_status->temperature, [01;35m[Kbattery_status->voltages[m[K, battery_status->current_battery, battery_status->current_consumed, battery_status->energy_consumed, battery_status->battery_remaining, battery_status->time_remaining, battery_status->charge_state, battery_status->voltages_ext, battery_status->mode, battery_status->fault_bitmask);
      |                                                                                                                                                                                              [01;35m[K~~~~~~~~~~~~~~~~^~~~~~~~[m[K
[01m[K/opt/ros/noetic/include/mavlink/v2.0/common/./mavlink_msg_battery_status.h:233:429:[m[K [01;35m[Kwarning: [m[Ktaking address of packed member of ‘[01m[K__mavlink_battery_status_t[m[K’ may result in an unaligned pointer value [[01;35m[K-Waddress-of-packed-member[m[K]
  233 |     return mavlink_msg_battery_status_pack_chan(system_id, component_id, chan, msg, battery_status->id, battery_status->battery_function, battery_status->type, battery_status->temperature, battery_status->voltages, battery_status->current_battery, battery_status->current_consumed, battery_status->energy_consumed, battery_status->battery_remaining, battery_status->time_remaining, battery_status->charge_state, [01;35m[Kbattery_status->voltages_ext[m[K, battery_status->mode, battery_status->fault_bitmask);
      |                                                                                                                                                                                                                                                                                                                                                                                                                             [01;35m[K~~~~~~~~~~~~~~~~^~~~~~~~~~~~[m[K
In file included from [01m[K/opt/ros/noetic/include/mavlink/v2.0/common/common.h:2646[m[K,
                 from [01m[K/opt/ros/noetic/include/mavlink/v2.0/common/mavlink.h:32[m[K,
                 from [01m[K/home/harshit/2022_tracking/src/rotors_simulator/rotors_hil_interface/include/rotors_hil_interface/hil_interface.h:27[m[K,
                 from [01m[K/home/harshit/2022_tracking/src/rotors_simulator/rotors_hil_interface/src/hil_state_level_interface.cpp:17[m[K:
[01m[K/opt/ros/noetic/include/mavlink/v2.0/common/./mavlink_msg_landing_target.h:[m[K In function ‘[01m[Kuint16_t mavlink_msg_landing_target_encode(uint8_t, uint8_t, mavlink_message_t*, const mavlink_landing_target_t*)[m[K’:
[01m[K/opt/ros/noetic/include/mavlink/v2.0/common/./mavlink_msg_landing_target.h:218:349:[m[K [01;35m[Kwarning: [m[Ktaking address of packed member of ‘[01m[K__mavlink_landing_target_t[m[K’ may result in an unaligned pointer value [[01;35m[K-Waddress-of-packed-member[m[K]
  218 |     return mavlink_msg_landing_target_pack(system_id, component_id, msg, landing_target->time_usec, landing_target->target_num, landing_target->frame, landing_target->angle_x, landing_target->angle_y, landing_target->distance, landing_target->size_x, landing_target->size_y, landing_target->x, landing_target->y, landing_target->z, [01;35m[Klanding_target->q[m[K, landing_target->type, landing_target->position_valid);
      |                                                                                                                                                                                                                                                                                                                                             [01;35m[K~~~~~~~~~~~~~~~~^[m[K
[01m[K/opt/ros/noetic/include/mavlink/v2.0/common/./mavlink_msg_landing_target.h:[m[K In function ‘[01m[Kuint16_t mavlink_msg_landing_target_encode_chan(uint8_t, uint8_t, uint8_t, mavlink_message_t*, const mavlink_landing_target_t*)[m[K’:
[01m[K/opt/ros/noetic/include/mavlink/v2.0/common/./mavlink_msg_landing_target.h:232:360:[m[K [01;35m[Kwarning: [m[Ktaking address of packed member of ‘[01m[K__mavlink_landing_target_t[m[K’ may result in an unaligned pointer value [[01;35m[K-Waddress-of-packed-member[m[K]
  232 |     return mavlink_msg_landing_target_pack_chan(system_id, component_id, chan, msg, landing_target->time_usec, landing_target->target_num, landing_target->frame, landing_target->angle_x, landing_target->angle_y, landing_target->distance, landing_target->size_x, landing_target->size_y, landing_target->x, landing_target->y, landing_target->z, [01;35m[Klanding_target->q[m[K, landing_target->type, landing_target->position_valid);
      |                                                                                                                                                                                                                                                                                                                                                        [01;35m[K~~~~~~~~~~~~~~~~^[m[K
In file included from [01m[K/opt/ros/noetic/include/mavlink/v2.0/common/common.h:2657[m[K,
                 from [01m[K/opt/ros/noetic/include/mavlink/v2.0/common/mavlink.h:32[m[K,
                 from [01m[K/home/harshit/2022_tracking/src/rotors_simulator/rotors_hil_interface/include/rotors_hil_interface/hil_interface.h:27[m[K,
                 from [01m[K/home/harshit/2022_tracking/src/rotors_simulator/rotors_hil_interface/src/hil_state_level_interface.cpp:17[m[K:
[01m[K/opt/ros/noetic/include/mavlink/v2.0/common/./mavlink_msg_home_position.h:[m[K In function ‘[01m[Kuint16_t mavlink_msg_home_position_encode(uint8_t, uint8_t, mavlink_message_t*, const mavlink_home_position_t*)[m[K’:
[01m[K/opt/ros/noetic/include/mavlink/v2.0/common/./mavlink_msg_home_position.h:191:218:[m[K [01;35m[Kwarning: [m[Ktaking address of packed member of ‘[01m[K__mavlink_home_position_t[m[K’ may result in an unaligned pointer value [[01;35m[K-Waddress-of-packed-member[m[K]
  191 |     return mavlink_msg_home_position_pack(system_id, component_id, msg, home_position->latitude, home_position->longitude, home_position->altitude, home_position->x, home_position->y, home_position->z, [01;35m[Khome_position->q[m[K, home_position->approach_x, home_position->approach_y, home_position->approach_z, home_position->time_usec);
      |                                                                                                                                                                                                           [01;35m[K~~~~~~~~~~~~~~~^[m[K
[01m[K/opt/ros/noetic/include/mavlink/v2.0/common/./mavlink_msg_home_position.h:[m[K In function ‘[01m[Kuint16_t mavlink_msg_home_position_encode_chan(uint8_t, uint8_t, uint8_t, mavlink_message_t*, const mavlink_home_position_t*)[m[K’:
[01m[K/opt/ros/noetic/include/mavlink/v2.0/common/./mavlink_msg_home_position.h:205:229:[m[K [01;35m[Kwarning: [m[Ktaking address of packed member of ‘[01m[K__mavlink_home_position_t[m[K’ may result in an unaligned pointer value [[01;35m[K-Waddress-of-packed-member[m[K]
  205 |     return mavlink_msg_home_position_pack_chan(system_id, component_id, chan, msg, home_position->latitude, home_position->longitude, home_position->altitude, home_position->x, home_position->y, home_position->z, [01;35m[Khome_position->q[m[K, home_position->approach_x, home_position->approach_y, home_position->approach_z, home_position->time_usec);
      |                                                                                                                                                                                                                      [01;35m[K~~~~~~~~~~~~~~~^[m[K
In file included from [01m[K/opt/ros/noetic/include/mavlink/v2.0/common/common.h:2658[m[K,
                 from [01m[K/opt/ros/noetic/include/mavlink/v2.0/common/mavlink.h:32[m[K,
                 from [01m[K/home/harshit/2022_tracking/src/rotors_simulator/rotors_hil_interface/include/rotors_hil_interface/hil_interface.h:27[m[K,
                 from [01m[K/home/harshit/2022_tracking/src/rotors_simulator/rotors_hil_interface/src/hil_state_level_interface.cpp:17[m[K:
[01m[K/opt/ros/noetic/include/mavlink/v2.0/common/./mavlink_msg_set_home_position.h:[m[K In function ‘[01m[Kuint16_t mavlink_msg_set_home_position_encode(uint8_t, uint8_t, mavlink_message_t*, const mavlink_set_home_position_t*)[m[K’:
[01m[K/opt/ros/noetic/include/mavlink/v2.0/common/./mavlink_msg_set_home_position.h:200:284:[m[K [01;35m[Kwarning: [m[Ktaking address of packed member of ‘[01m[K__mavlink_set_home_position_t[m[K’ may result in an unaligned pointer value [[01;35m[K-Waddress-of-packed-member[m[K]
  200 |     return mavlink_msg_set_home_position_pack(system_id, component_id, msg, set_home_position->target_system, set_home_position->latitude, set_home_position->longitude, set_home_position->altitude, set_home_position->x, set_home_position->y, set_home_position->z, [01;35m[Kset_home_position->q[m[K, set_home_position->approach_x, set_home_position->approach_y, set_home_position->approach_z, set_home_position->time_usec);
      |                                                                                                                                                                                                                                                                         [01;35m[K~~~~~~~~~~~~~~~~~~~^[m[K
[01m[K/opt/ros/noetic/include/mavlink/v2.0/common/./mavlink_msg_set_home_position.h:[m[K In function ‘[01m[Kuint16_t mavlink_msg_set_home_position_encode_chan(uint8_t, uint8_t, uint8_t, mavlink_message_t*, const mavlink_set_home_position_t*)[m[K’:
[01m[K/opt/ros/noetic/include/mavlink/v2.0/common/./mavlink_msg_set_home_position.h:214:295:[m[K [01;35m[Kwarning: [m[Ktaking address of packed member of ‘[01m[K__mavlink_set_home_position_t[m[K’ may result in an unaligned pointer value [[01;35m[K-Waddress-of-packed-member[m[K]
  214 |     return mavlink_msg_set_home_position_pack_chan(system_id, component_id, chan, msg, set_home_position->target_system, set_home_position->latitude, set_home_position->longitude, set_home_position->altitude, set_home_position->x, set_home_position->y, set_home_position->z, [01;35m[Kset_home_position->q[m[K, set_home_position->approach_x, set_home_position->approach_y, set_home_position->approach_z, set_home_position->time_usec);
      |                                                                                                                                                                                                                                                                                    [01;35m[K~~~~~~~~~~~~~~~~~~~^[m[K
In file included from [01m[K/opt/ros/noetic/include/mavlink/v2.0/common/common.h:2708[m[K,
                 from [01m[K/opt/ros/noetic/include/mavlink/v2.0/common/mavlink.h:32[m[K,
                 from [01m[K/home/harshit/2022_tracking/src/rotors_simulator/rotors_hil_interface/include/rotors_hil_interface/hil_interface.h:27[m[K,
                 from [01m[K/home/harshit/2022_tracking/src/rotors_simulator/rotors_hil_interface/src/hil_state_level_interface.cpp:17[m[K:
[01m[K/opt/ros/noetic/include/mavlink/v2.0/common/./mavlink_msg_obstacle_distance.h:[m[K In function ‘[01m[Kuint16_t mavlink_msg_obstacle_distance_encode(uint8_t, uint8_t, mavlink_message_t*, const mavlink_obstacle_distance_t*)[m[K’:
[01m[K/opt/ros/noetic/include/mavlink/v2.0/common/./mavlink_msg_obstacle_distance.h:173:158:[m[K [01;35m[Kwarning: [m[Ktaking address of packed member of ‘[01m[K__mavlink_obstacle_distance_t[m[K’ may result in an unaligned pointer value [[01;35m[K-Waddress-of-packed-member[m[K]
  173 |     return mavlink_msg_obstacle_distance_pack(system_id, component_id, msg, obstacle_distance->time_usec, obstacle_distance->sensor_type, [01;35m[Kobstacle_distance->distances[m[K, obstacle_distance->increment, obstacle_distance->min_distance, obstacle_distance->max_distance, obstacle_distance->increment_f, obstacle_distance->angle_offset, obstacle_distance->frame);
      |                                                                                                                                           [01;35m[K~~~~~~~~~~~~~~~~~~~^~~~~~~~~[m[K
[01m[K/opt/ros/noetic/include/mavlink/v2.0/common/./mavlink_msg_obstacle_distance.h:[m[K In function ‘[01m[Kuint16_t mavlink_msg_obstacle_distance_encode_chan(uint8_t, uint8_t, uint8_t, mavlink_message_t*, const mavlink_obstacle_distance_t*)[m[K’:
[01m[K/opt/ros/noetic/include/mavlink/v2.0/common/./mavlink_msg_obstacle_distance.h:187:169:[m[K [01;35m[Kwarning: [m[Ktaking address of packed member of ‘[01m[K__mavlink_obstacle_distance_t[m[K’ may result in an unaligned pointer value [[01;35m[K-Waddress-of-packed-member[m[K]
  187 |     return mavlink_msg_obstacle_distance_pack_chan(system_id, component_id, chan, msg, obstacle_distance->time_usec, obstacle_distance->sensor_type, [01;35m[Kobstacle_distance->distances[m[K, obstacle_distance->increment, obstacle_distance->min_distance, obstacle_distance->max_distance, obstacle_distance->increment_f, obstacle_distance->angle_offset, obstacle_distance->frame);
      |                                                                                                                                                      [01;35m[K~~~~~~~~~~~~~~~~~~~^~~~~~~~~[m[K
In file included from [01m[K/opt/ros/noetic/include/mavlink/v2.0/common/common.h:2587[m[K,
                 from [01m[K/opt/ros/noetic/include/mavlink/v2.0/common/mavlink.h:32[m[K,
                 from [01m[K/home/harshit/2022_tracking/src/rotors_simulator/rotors_hil_interface/include/rotors_hil_interface/hil_interface.h:27[m[K,
                 from [01m[K/home/harshit/2022_tracking/src/rotors_simulator/rotors_hil_interface/src/hil_sensor_level_interface.cpp:17[m[K:
[01m[K/opt/ros/noetic/include/mavlink/v2.0/common/./mavlink_msg_set_attitude_target.h:[m[K In function ‘[01m[Kuint16_t mavlink_msg_set_attitude_target_encode(uint8_t, uint8_t, mavlink_message_t*, const mavlink_set_attitude_target_t*)[m[K’:
[01m[K/opt/ros/noetic/include/mavlink/v2.0/common/./mavlink_msg_set_attitude_target.h:183:242:[m[K [01;35m[Kwarning: [m[Ktaking address of packed member of ‘[01m[K__mavlink_set_attitude_target_t[m[K’ may result in an unaligned pointer value [[01;35m[K-Waddress-of-packed-member[m[K]
  183 |     return mavlink_msg_set_attitude_target_pack(system_id, component_id, msg, set_attitude_target->time_boot_ms, set_attitude_target->target_system, set_attitude_target->target_component, set_attitude_target->type_mask, [01;35m[Kset_attitude_target->q[m[K, set_attitude_target->body_roll_rate, set_attitude_target->body_pitch_rate, set_attitude_target->body_yaw_rate, set_attitude_target->thrust, set_attitude_target->thrust_body);
      |                                                                                                                                                                                                                             [01;35m[K~~~~~~~~~~~~~~~~~~~~~^[m[K
In file included from [01m[K/opt/ros/noetic/include/mavlink/v2.0/common/common.h:2587[m[K,
                 from [01m[K/opt/ros/noetic/include/mavlink/v2.0/common/mavlink.h:32[m[K,
                 from [01m[K/home/harshit/2022_tracking/src/rotors_simulator/rotors_hil_interface/include/rotors_hil_interface/hil_interface.h:27[m[K,
                 from [01m[K/home/harshit/2022_tracking/src/rotors_simulator/rotors_hil_interface/src/hil_sensor_level_interface.cpp:17[m[K:
[01m[K/opt/ros/noetic/include/mavlink/v2.0/common/./mavlink_msg_set_attitude_target.h:183:406:[m[K [01;35m[Kwarning: [m[Ktaking address of packed member of ‘[01m[K__mavlink_set_attitude_target_t[m[K’ may result in an unaligned pointer value [[01;35m[K-Waddress-of-packed-member[m[K]
  183 |     return mavlink_msg_set_attitude_target_pack(system_id, component_id, msg, set_attitude_target->time_boot_ms, set_attitude_target->target_system, set_attitude_target->target_component, set_attitude_target->type_mask, set_attitude_target->q, set_attitude_target->body_roll_rate, set_attitude_target->body_pitch_rate, set_attitude_target->body_yaw_rate, set_attitude_target->thrust, [01;35m[Kset_attitude_target->thrust_body[m[K);
      |                                                                                                                                                                                                                                                                                                                                                                                                 [01;35m[K~~~~~~~~~~~~~~~~~~~~~^~~~~~~~~~~[m[K
[01m[K/opt/ros/noetic/include/mavlink/v2.0/common/./mavlink_msg_set_attitude_target.h:[m[K In function ‘[01m[Kuint16_t mavlink_msg_set_attitude_target_encode_chan(uint8_t, uint8_t, uint8_t, mavlink_message_t*, const mavlink_set_attitude_target_t*)[m[K’:
[01m[K/opt/ros/noetic/include/mavlink/v2.0/common/./mavlink_msg_set_attitude_target.h:197:253:[m[K [01;35m[Kwarning: [m[Ktaking address of packed member of ‘[01m[K__mavlink_set_attitude_target_t[m[K’ may result in an unaligned pointer value [[01;35m[K-Waddress-of-packed-member[m[K]
  197 |     return mavlink_msg_set_attitude_target_pack_chan(system_id, component_id, chan, msg, set_attitude_target->time_boot_ms, set_attitude_target->target_system, set_attitude_target->target_component, set_attitude_target->type_mask, [01;35m[Kset_attitude_target->q[m[K, set_attitude_target->body_roll_rate, set_attitude_target->body_pitch_rate, set_attitude_target->body_yaw_rate, set_attitude_target->thrust, set_attitude_target->thrust_body);
      |                                                                                                                                                                                                                                        [01;35m[K~~~~~~~~~~~~~~~~~~~~~^[m[K
[01m[K/opt/ros/noetic/include/mavlink/v2.0/common/./mavlink_msg_set_attitude_target.h:197:417:[m[K [01;35m[Kwarning: [m[Ktaking address of packed member of ‘[01m[K__mavlink_set_attitude_target_t[m[K’ may result in an unaligned pointer value [[01;35m[K-Waddress-of-packed-member[m[K]
  197 |     return mavlink_msg_set_attitude_target_pack_chan(system_id, component_id, chan, msg, set_attitude_target->time_boot_ms, set_attitude_target->target_system, set_attitude_target->target_component, set_attitude_target->type_mask, set_attitude_target->q, set_attitude_target->body_roll_rate, set_attitude_target->body_pitch_rate, set_attitude_target->body_yaw_rate, set_attitude_target->thrust, [01;35m[Kset_attitude_target->thrust_body[m[K);
      |                                                                                                                                                                                                                                                                                                                                                                                                            [01;35m[K~~~~~~~~~~~~~~~~~~~~~^~~~~~~~~~~[m[K
In file included from [01m[K/opt/ros/noetic/include/mavlink/v2.0/common/common.h:2630[m[K,
                 from [01m[K/opt/ros/noetic/include/mavlink/v2.0/common/mavlink.h:32[m[K,
                 from [01m[K/home/harshit/2022_tracking/src/rotors_simulator/rotors_hil_interface/include/rotors_hil_interface/hil_interface.h:27[m[K,
                 from [01m[K/home/harshit/2022_tracking/src/rotors_simulator/rotors_hil_interface/src/hil_sensor_level_interface.cpp:17[m[K:
[01m[K/opt/ros/noetic/include/mavlink/v2.0/common/./mavlink_msg_distance_sensor.h:[m[K In function ‘[01m[Kuint16_t mavlink_msg_distance_sensor_encode(uint8_t, uint8_t, mavlink_message_t*, const mavlink_distance_sensor_t*)[m[K’:
[01m[K/opt/ros/noetic/include/mavlink/v2.0/common/./mavlink_msg_distance_sensor.h:200:387:[m[K [01;35m[Kwarning: [m[Ktaking address of packed member of ‘[01m[K__mavlink_distance_sensor_t[m[K’ may result in an unaligned pointer value [[01;35m[K-Waddress-of-packed-member[m[K]
  200 |     return mavlink_msg_distance_sensor_pack(system_id, component_id, msg, distance_sensor->time_boot_ms, distance_sensor->min_distance, distance_sensor->max_distance, distance_sensor->current_distance, distance_sensor->type, distance_sensor->id, distance_sensor->orientation, distance_sensor->covariance, distance_sensor->horizontal_fov, distance_sensor->vertical_fov, [01;35m[Kdistance_sensor->quaternion[m[K, distance_sensor->signal_quality);
      |                                                                                                                                                                                                                                                                                                                                                                                  [01;35m[K~~~~~~~~~~~~~~~~~^~~~~~~~~~[m[K
[01m[K/opt/ros/noetic/include/mavlink/v2.0/common/./mavlink_msg_distance_sensor.h:[m[K In function ‘[01m[Kuint16_t mavlink_msg_distance_sensor_encode_chan(uint8_t, uint8_t, uint8_t, mavlink_message_t*, const mavlink_distance_sensor_t*)[m[K’:
[01m[K/opt/ros/noetic/include/mavlink/v2.0/common/./mavlink_msg_distance_sensor.h:214:398:[m[K [01;35m[Kwarning: [m[Ktaking address of packed member of ‘[01m[K__mavlink_distance_sensor_t[m[K’ may result in an unaligned pointer value [[01;35m[K-Waddress-of-packed-member[m[K]
  214 |     return mavlink_msg_distance_sensor_pack_chan(system_id, component_id, chan, msg, distance_sensor->time_boot_ms, distance_sensor->min_distance, distance_sensor->max_distance, distance_sensor->current_distance, distance_sensor->type, distance_sensor->id, distance_sensor->orientation, distance_sensor->covariance, distance_sensor->horizontal_fov, distance_sensor->vertical_fov, [01;35m[Kdistance_sensor->quaternion[m[K, distance_sensor->signal_quality);
      |                                                                                                                                                                                                                                                                                                                                                                                             [01;35m[K~~~~~~~~~~~~~~~~~^~~~~~~~~~[m[K
In file included from [01m[K/opt/ros/noetic/include/mavlink/v2.0/common/common.h:2644[m[K,
                 from [01m[K/opt/ros/noetic/include/mavlink/v2.0/common/mavlink.h:32[m[K,
                 from [01m[K/home/harshit/2022_tracking/src/rotors_simulator/rotors_hil_interface/include/rotors_hil_interface/hil_interface.h:27[m[K,
                 from [01m[K/home/harshit/2022_tracking/src/rotors_simulator/rotors_hil_interface/src/hil_sensor_level_interface.cpp:17[m[K:
[01m[K/opt/ros/noetic/include/mavlink/v2.0/common/./mavlink_msg_battery_status.h:[m[K In function ‘[01m[Kuint16_t mavlink_msg_battery_status_encode(uint8_t, uint8_t, mavlink_message_t*, const mavlink_battery_status_t*)[m[K’:
[01m[K/opt/ros/noetic/include/mavlink/v2.0/common/./mavlink_msg_battery_status.h:219:195:[m[K [01;35m[Kwarning: [m[Ktaking address of packed member of ‘[01m[K__mavlink_battery_status_t[m[K’ may result in an unaligned pointer value [[01;35m[K-Waddress-of-packed-member[m[K]
  219 |     return mavlink_msg_battery_status_pack(system_id, component_id, msg, battery_status->id, battery_status->battery_function, battery_status->type, battery_status->temperature, [01;35m[Kbattery_status->voltages[m[K, battery_status->current_battery, battery_status->current_consumed, battery_status->energy_consumed, battery_status->battery_remaining, battery_status->time_remaining, battery_status->charge_state, battery_status->voltages_ext, battery_status->mode, battery_status->fault_bitmask);
      |                                                                                                                                                                                   [01;35m[K~~~~~~~~~~~~~~~~^~~~~~~~[m[K
[01m[K/opt/ros/noetic/include/mavlink/v2.0/common/./mavlink_msg_battery_status.h:219:418:[m[K [01;35m[Kwarning: [m[Ktaking address of packed member of ‘[01m[K__mavlink_battery_status_t[m[K’ may result in an unaligned pointer value [[01;35m[K-Waddress-of-packed-member[m[K]
  219 |     return mavlink_msg_battery_status_pack(system_id, component_id, msg, battery_status->id, battery_status->battery_function, battery_status->type, battery_status->temperature, battery_status->voltages, battery_status->current_battery, battery_status->current_consumed, battery_status->energy_consumed, battery_status->battery_remaining, battery_status->time_remaining, battery_status->charge_state, [01;35m[Kbattery_status->voltages_ext[m[K, battery_status->mode, battery_status->fault_bitmask);
      |                                                                                                                                                                                                                                                                                                                                                                                                                  [01;35m[K~~~~~~~~~~~~~~~~^~~~~~~~~~~~[m[K
[01m[K/opt/ros/noetic/include/mavlink/v2.0/common/./mavlink_msg_battery_status.h:[m[K In function ‘[01m[Kuint16_t mavlink_msg_battery_status_encode_chan(uint8_t, uint8_t, uint8_t, mavlink_message_t*, const mavlink_battery_status_t*)[m[K’:
[01m[K/opt/ros/noetic/include/mavlink/v2.0/common/./mavlink_msg_battery_status.h:233:206:[m[K [01;35m[Kwarning: [m[Ktaking address of packed member of ‘[01m[K__mavlink_battery_status_t[m[K’ may result in an unaligned pointer value [[01;35m[K-Waddress-of-packed-member[m[K]
  233 |     return mavlink_msg_battery_status_pack_chan(system_id, component_id, chan, msg, battery_status->id, battery_status->battery_function, battery_status->type, battery_status->temperature, [01;35m[Kbattery_status->voltages[m[K, battery_status->current_battery, battery_status->current_consumed, battery_status->energy_consumed, battery_status->battery_remaining, battery_status->time_remaining, battery_status->charge_state, battery_status->voltages_ext, battery_status->mode, battery_status->fault_bitmask);
      |                                                                                                                                                                                              [01;35m[K~~~~~~~~~~~~~~~~^~~~~~~~[m[K
[01m[K/opt/ros/noetic/include/mavlink/v2.0/common/./mavlink_msg_battery_status.h:233:429:[m[K [01;35m[Kwarning: [m[Ktaking address of packed member of ‘[01m[K__mavlink_battery_status_t[m[K’ may result in an unaligned pointer value [[01;35m[K-Waddress-of-packed-member[m[K]
  233 |     return mavlink_msg_battery_status_pack_chan(system_id, component_id, chan, msg, battery_status->id, battery_status->battery_function, battery_status->type, battery_status->temperature, battery_status->voltages, battery_status->current_battery, battery_status->current_consumed, battery_status->energy_consumed, battery_status->battery_remaining, battery_status->time_remaining, battery_status->charge_state, [01;35m[Kbattery_status->voltages_ext[m[K, battery_status->mode, battery_status->fault_bitmask);
      |                                                                                                                                                                                                                                                                                                                                                                                                                             [01;35m[K~~~~~~~~~~~~~~~~^~~~~~~~~~~~[m[K
In file included from [01m[K/opt/ros/noetic/include/mavlink/v2.0/common/common.h:2646[m[K,
                 from [01m[K/opt/ros/noetic/include/mavlink/v2.0/common/mavlink.h:32[m[K,
                 from [01m[K/home/harshit/2022_tracking/src/rotors_simulator/rotors_hil_interface/include/rotors_hil_interface/hil_interface.h:27[m[K,
                 from [01m[K/home/harshit/2022_tracking/src/rotors_simulator/rotors_hil_interface/src/hil_sensor_level_interface.cpp:17[m[K:
[01m[K/opt/ros/noetic/include/mavlink/v2.0/common/./mavlink_msg_landing_target.h:[m[K In function ‘[01m[Kuint16_t mavlink_msg_landing_target_encode(uint8_t, uint8_t, mavlink_message_t*, const mavlink_landing_target_t*)[m[K’:
[01m[K/opt/ros/noetic/include/mavlink/v2.0/common/./mavlink_msg_landing_target.h:218:349:[m[K [01;35m[Kwarning: [m[Ktaking address of packed member of ‘[01m[K__mavlink_landing_target_t[m[K’ may result in an unaligned pointer value [[01;35m[K-Waddress-of-packed-member[m[K]
  218 |     return mavlink_msg_landing_target_pack(system_id, component_id, msg, landing_target->time_usec, landing_target->target_num, landing_target->frame, landing_target->angle_x, landing_target->angle_y, landing_target->distance, landing_target->size_x, landing_target->size_y, landing_target->x, landing_target->y, landing_target->z, [01;35m[Klanding_target->q[m[K, landing_target->type, landing_target->position_valid);
      |                                                                                                                                                                                                                                                                                                                                             [01;35m[K~~~~~~~~~~~~~~~~^[m[K
[01m[K/opt/ros/noetic/include/mavlink/v2.0/common/./mavlink_msg_landing_target.h:[m[K In function ‘[01m[Kuint16_t mavlink_msg_landing_target_encode_chan(uint8_t, uint8_t, uint8_t, mavlink_message_t*, const mavlink_landing_target_t*)[m[K’:
[01m[K/opt/ros/noetic/include/mavlink/v2.0/common/./mavlink_msg_landing_target.h:232:360:[m[K [01;35m[Kwarning: [m[Ktaking address of packed member of ‘[01m[K__mavlink_landing_target_t[m[K’ may result in an unaligned pointer value [[01;35m[K-Waddress-of-packed-member[m[K]
  232 |     return mavlink_msg_landing_target_pack_chan(system_id, component_id, chan, msg, landing_target->time_usec, landing_target->target_num, landing_target->frame, landing_target->angle_x, landing_target->angle_y, landing_target->distance, landing_target->size_x, landing_target->size_y, landing_target->x, landing_target->y, landing_target->z, [01;35m[Klanding_target->q[m[K, landing_target->type, landing_target->position_valid);
      |                                                                                                                                                                                                                                                                                                                                                        [01;35m[K~~~~~~~~~~~~~~~~^[m[K
In file included from [01m[K/opt/ros/noetic/include/mavlink/v2.0/common/common.h:2657[m[K,
                 from [01m[K/opt/ros/noetic/include/mavlink/v2.0/common/mavlink.h:32[m[K,
                 from [01m[K/home/harshit/2022_tracking/src/rotors_simulator/rotors_hil_interface/include/rotors_hil_interface/hil_interface.h:27[m[K,
                 from [01m[K/home/harshit/2022_tracking/src/rotors_simulator/rotors_hil_interface/src/hil_sensor_level_interface.cpp:17[m[K:
[01m[K/opt/ros/noetic/include/mavlink/v2.0/common/./mavlink_msg_home_position.h:[m[K In function ‘[01m[Kuint16_t mavlink_msg_home_position_encode(uint8_t, uint8_t, mavlink_message_t*, const mavlink_home_position_t*)[m[K’:
[01m[K/opt/ros/noetic/include/mavlink/v2.0/common/./mavlink_msg_home_position.h:191:218:[m[K [01;35m[Kwarning: [m[Ktaking address of packed member of ‘[01m[K__mavlink_home_position_t[m[K’ may result in an unaligned pointer value [[01;35m[K-Waddress-of-packed-member[m[K]
  191 |     return mavlink_msg_home_position_pack(system_id, component_id, msg, home_position->latitude, home_position->longitude, home_position->altitude, home_position->x, home_position->y, home_position->z, [01;35m[Khome_position->q[m[K, home_position->approach_x, home_position->approach_y, home_position->approach_z, home_position->time_usec);
      |                                                                                                                                                                                                           [01;35m[K~~~~~~~~~~~~~~~^[m[K
[01m[K/opt/ros/noetic/include/mavlink/v2.0/common/./mavlink_msg_home_position.h:[m[K In function ‘[01m[Kuint16_t mavlink_msg_home_position_encode_chan(uint8_t, uint8_t, uint8_t, mavlink_message_t*, const mavlink_home_position_t*)[m[K’:
[01m[K/opt/ros/noetic/include/mavlink/v2.0/common/./mavlink_msg_home_position.h:205:229:[m[K [01;35m[Kwarning: [m[Ktaking address of packed member of ‘[01m[K__mavlink_home_position_t[m[K’ may result in an unaligned pointer value [[01;35m[K-Waddress-of-packed-member[m[K]
  205 |     return mavlink_msg_home_position_pack_chan(system_id, component_id, chan, msg, home_position->latitude, home_position->longitude, home_position->altitude, home_position->x, home_position->y, home_position->z, [01;35m[Khome_position->q[m[K, home_position->approach_x, home_position->approach_y, home_position->approach_z, home_position->time_usec);
      |                                                                                                                                                                                                                      [01;35m[K~~~~~~~~~~~~~~~^[m[K
In file included from [01m[K/opt/ros/noetic/include/mavlink/v2.0/common/common.h:2658[m[K,
                 from [01m[K/opt/ros/noetic/include/mavlink/v2.0/common/mavlink.h:32[m[K,
                 from [01m[K/home/harshit/2022_tracking/src/rotors_simulator/rotors_hil_interface/include/rotors_hil_interface/hil_interface.h:27[m[K,
                 from [01m[K/home/harshit/2022_tracking/src/rotors_simulator/rotors_hil_interface/src/hil_sensor_level_interface.cpp:17[m[K:
[01m[K/opt/ros/noetic/include/mavlink/v2.0/common/./mavlink_msg_set_home_position.h:[m[K In function ‘[01m[Kuint16_t mavlink_msg_set_home_position_encode(uint8_t, uint8_t, mavlink_message_t*, const mavlink_set_home_position_t*)[m[K’:
[01m[K/opt/ros/noetic/include/mavlink/v2.0/common/./mavlink_msg_set_home_position.h:200:284:[m[K [01;35m[Kwarning: [m[Ktaking address of packed member of ‘[01m[K__mavlink_set_home_position_t[m[K’ may result in an unaligned pointer value [[01;35m[K-Waddress-of-packed-member[m[K]
  200 |     return mavlink_msg_set_home_position_pack(system_id, component_id, msg, set_home_position->target_system, set_home_position->latitude, set_home_position->longitude, set_home_position->altitude, set_home_position->x, set_home_position->y, set_home_position->z, [01;35m[Kset_home_position->q[m[K, set_home_position->approach_x, set_home_position->approach_y, set_home_position->approach_z, set_home_position->time_usec);
      |                                                                                                                                                                                                                                                                         [01;35m[K~~~~~~~~~~~~~~~~~~~^[m[K
[01m[K/opt/ros/noetic/include/mavlink/v2.0/common/./mavlink_msg_set_home_position.h:[m[K In function ‘[01m[Kuint16_t mavlink_msg_set_home_position_encode_chan(uint8_t, uint8_t, uint8_t, mavlink_message_t*, const mavlink_set_home_position_t*)[m[K’:
[01m[K/opt/ros/noetic/include/mavlink/v2.0/common/./mavlink_msg_set_home_position.h:214:295:[m[K [01;35m[Kwarning: [m[Ktaking address of packed member of ‘[01m[K__mavlink_set_home_position_t[m[K’ may result in an unaligned pointer value [[01;35m[K-Waddress-of-packed-member[m[K]
  214 |     return mavlink_msg_set_home_position_pack_chan(system_id, component_id, chan, msg, set_home_position->target_system, set_home_position->latitude, set_home_position->longitude, set_home_position->altitude, set_home_position->x, set_home_position->y, set_home_position->z, [01;35m[Kset_home_position->q[m[K, set_home_position->approach_x, set_home_position->approach_y, set_home_position->approach_z, set_home_position->time_usec);
      |                                                                                                                                                                                                                                                                                    [01;35m[K~~~~~~~~~~~~~~~~~~~^[m[K
In file included from [01m[K/opt/ros/noetic/include/mavlink/v2.0/common/common.h:2708[m[K,
                 from [01m[K/opt/ros/noetic/include/mavlink/v2.0/common/mavlink.h:32[m[K,
                 from [01m[K/home/harshit/2022_tracking/src/rotors_simulator/rotors_hil_interface/include/rotors_hil_interface/hil_interface.h:27[m[K,
                 from [01m[K/home/harshit/2022_tracking/src/rotors_simulator/rotors_hil_interface/src/hil_sensor_level_interface.cpp:17[m[K:
[01m[K/opt/ros/noetic/include/mavlink/v2.0/common/./mavlink_msg_obstacle_distance.h:[m[K In function ‘[01m[Kuint16_t mavlink_msg_obstacle_distance_encode(uint8_t, uint8_t, mavlink_message_t*, const mavlink_obstacle_distance_t*)[m[K’:
[01m[K/opt/ros/noetic/include/mavlink/v2.0/common/./mavlink_msg_obstacle_distance.h:173:158:[m[K [01;35m[Kwarning: [m[Ktaking address of packed member of ‘[01m[K__mavlink_obstacle_distance_t[m[K’ may result in an unaligned pointer value [[01;35m[K-Waddress-of-packed-member[m[K]
  173 |     return mavlink_msg_obstacle_distance_pack(system_id, component_id, msg, obstacle_distance->time_usec, obstacle_distance->sensor_type, [01;35m[Kobstacle_distance->distances[m[K, obstacle_distance->increment, obstacle_distance->min_distance, obstacle_distance->max_distance, obstacle_distance->increment_f, obstacle_distance->angle_offset, obstacle_distance->frame);
      |                                                                                                                                           [01;35m[K~~~~~~~~~~~~~~~~~~~^~~~~~~~~[m[K
[01m[K/opt/ros/noetic/include/mavlink/v2.0/common/./mavlink_msg_obstacle_distance.h:[m[K In function ‘[01m[Kuint16_t mavlink_msg_obstacle_distance_encode_chan(uint8_t, uint8_t, uint8_t, mavlink_message_t*, const mavlink_obstacle_distance_t*)[m[K’:
[01m[K/opt/ros/noetic/include/mavlink/v2.0/common/./mavlink_msg_obstacle_distance.h:187:169:[m[K [01;35m[Kwarning: [m[Ktaking address of packed member of ‘[01m[K__mavlink_obstacle_distance_t[m[K’ may result in an unaligned pointer value [[01;35m[K-Waddress-of-packed-member[m[K]
  187 |     return mavlink_msg_obstacle_distance_pack_chan(system_id, component_id, chan, msg, obstacle_distance->time_usec, obstacle_distance->sensor_type, [01;35m[Kobstacle_distance->distances[m[K, obstacle_distance->increment, obstacle_distance->min_distance, obstacle_distance->max_distance, obstacle_distance->increment_f, obstacle_distance->angle_offset, obstacle_distance->frame);
      |                                                                                                                                                      [01;35m[K~~~~~~~~~~~~~~~~~~~^~~~~~~~~[m[K
[ 60%] [32m[1mLinking CXX shared library /home/harshit/2022_tracking/devel/.private/rotors_hil_interface/lib/librotors_hil_interface.so[0m
[ 60%] Built target rotors_hil_interface
[ 80%] [32mBuilding CXX object CMakeFiles/rotors_hil_interface_node.dir/src/hil_interface_node.cpp.o[0m
In file included from [01m[K/opt/ros/noetic/include/mavlink/v2.0/common/common.h:2587[m[K,
                 from [01m[K/opt/ros/noetic/include/mavlink/v2.0/common/mavlink.h:32[m[K,
                 from [01m[K/home/harshit/2022_tracking/src/rotors_simulator/rotors_hil_interface/include/rotors_hil_interface/hil_interface.h:27[m[K,
                 from [01m[K/home/harshit/2022_tracking/src/rotors_simulator/rotors_hil_interface/include/rotors_hil_interface/hil_interface_node.h:22[m[K,
                 from [01m[K/home/harshit/2022_tracking/src/rotors_simulator/rotors_hil_interface/src/hil_interface_node.cpp:17[m[K:
[01m[K/opt/ros/noetic/include/mavlink/v2.0/common/./mavlink_msg_set_attitude_target.h:[m[K In function ‘[01m[Kuint16_t mavlink_msg_set_attitude_target_encode(uint8_t, uint8_t, mavlink_message_t*, const mavlink_set_attitude_target_t*)[m[K’:
[01m[K/opt/ros/noetic/include/mavlink/v2.0/common/./mavlink_msg_set_attitude_target.h:183:242:[m[K [01;35m[Kwarning: [m[Ktaking address of packed member of ‘[01m[K__mavlink_set_attitude_target_t[m[K’ may result in an unaligned pointer value [[01;35m[K-Waddress-of-packed-member[m[K]
  183 |     return mavlink_msg_set_attitude_target_pack(system_id, component_id, msg, set_attitude_target->time_boot_ms, set_attitude_target->target_system, set_attitude_target->target_component, set_attitude_target->type_mask, [01;35m[Kset_attitude_target->q[m[K, set_attitude_target->body_roll_rate, set_attitude_target->body_pitch_rate, set_attitude_target->body_yaw_rate, set_attitude_target->thrust, set_attitude_target->thrust_body);
      |                                                                                                                                                                                                                             [01;35m[K~~~~~~~~~~~~~~~~~~~~~^[m[K
In file included from [01m[K/opt/ros/noetic/include/mavlink/v2.0/common/common.h:2587[m[K,
                 from [01m[K/opt/ros/noetic/include/mavlink/v2.0/common/mavlink.h:32[m[K,
                 from [01m[K/home/harshit/2022_tracking/src/rotors_simulator/rotors_hil_interface/include/rotors_hil_interface/hil_interface.h:27[m[K,
                 from [01m[K/home/harshit/2022_tracking/src/rotors_simulator/rotors_hil_interface/include/rotors_hil_interface/hil_interface_node.h:22[m[K,
                 from [01m[K/home/harshit/2022_tracking/src/rotors_simulator/rotors_hil_interface/src/hil_interface_node.cpp:17[m[K:
[01m[K/opt/ros/noetic/include/mavlink/v2.0/common/./mavlink_msg_set_attitude_target.h:183:406:[m[K [01;35m[Kwarning: [m[Ktaking address of packed member of ‘[01m[K__mavlink_set_attitude_target_t[m[K’ may result in an unaligned pointer value [[01;35m[K-Waddress-of-packed-member[m[K]
  183 |     return mavlink_msg_set_attitude_target_pack(system_id, component_id, msg, set_attitude_target->time_boot_ms, set_attitude_target->target_system, set_attitude_target->target_component, set_attitude_target->type_mask, set_attitude_target->q, set_attitude_target->body_roll_rate, set_attitude_target->body_pitch_rate, set_attitude_target->body_yaw_rate, set_attitude_target->thrust, [01;35m[Kset_attitude_target->thrust_body[m[K);
      |                                                                                                                                                                                                                                                                                                                                                                                                 [01;35m[K~~~~~~~~~~~~~~~~~~~~~^~~~~~~~~~~[m[K
[01m[K/opt/ros/noetic/include/mavlink/v2.0/common/./mavlink_msg_set_attitude_target.h:[m[K In function ‘[01m[Kuint16_t mavlink_msg_set_attitude_target_encode_chan(uint8_t, uint8_t, uint8_t, mavlink_message_t*, const mavlink_set_attitude_target_t*)[m[K’:
[01m[K/opt/ros/noetic/include/mavlink/v2.0/common/./mavlink_msg_set_attitude_target.h:197:253:[m[K [01;35m[Kwarning: [m[Ktaking address of packed member of ‘[01m[K__mavlink_set_attitude_target_t[m[K’ may result in an unaligned pointer value [[01;35m[K-Waddress-of-packed-member[m[K]
  197 |     return mavlink_msg_set_attitude_target_pack_chan(system_id, component_id, chan, msg, set_attitude_target->time_boot_ms, set_attitude_target->target_system, set_attitude_target->target_component, set_attitude_target->type_mask, [01;35m[Kset_attitude_target->q[m[K, set_attitude_target->body_roll_rate, set_attitude_target->body_pitch_rate, set_attitude_target->body_yaw_rate, set_attitude_target->thrust, set_attitude_target->thrust_body);
      |                                                                                                                                                                                                                                        [01;35m[K~~~~~~~~~~~~~~~~~~~~~^[m[K
[01m[K/opt/ros/noetic/include/mavlink/v2.0/common/./mavlink_msg_set_attitude_target.h:197:417:[m[K [01;35m[Kwarning: [m[Ktaking address of packed member of ‘[01m[K__mavlink_set_attitude_target_t[m[K’ may result in an unaligned pointer value [[01;35m[K-Waddress-of-packed-member[m[K]
  197 |     return mavlink_msg_set_attitude_target_pack_chan(system_id, component_id, chan, msg, set_attitude_target->time_boot_ms, set_attitude_target->target_system, set_attitude_target->target_component, set_attitude_target->type_mask, set_attitude_target->q, set_attitude_target->body_roll_rate, set_attitude_target->body_pitch_rate, set_attitude_target->body_yaw_rate, set_attitude_target->thrust, [01;35m[Kset_attitude_target->thrust_body[m[K);
      |                                                                                                                                                                                                                                                                                                                                                                                                            [01;35m[K~~~~~~~~~~~~~~~~~~~~~^~~~~~~~~~~[m[K
In file included from [01m[K/opt/ros/noetic/include/mavlink/v2.0/common/common.h:2630[m[K,
                 from [01m[K/opt/ros/noetic/include/mavlink/v2.0/common/mavlink.h:32[m[K,
                 from [01m[K/home/harshit/2022_tracking/src/rotors_simulator/rotors_hil_interface/include/rotors_hil_interface/hil_interface.h:27[m[K,
                 from [01m[K/home/harshit/2022_tracking/src/rotors_simulator/rotors_hil_interface/include/rotors_hil_interface/hil_interface_node.h:22[m[K,
                 from [01m[K/home/harshit/2022_tracking/src/rotors_simulator/rotors_hil_interface/src/hil_interface_node.cpp:17[m[K:
[01m[K/opt/ros/noetic/include/mavlink/v2.0/common/./mavlink_msg_distance_sensor.h:[m[K In function ‘[01m[Kuint16_t mavlink_msg_distance_sensor_encode(uint8_t, uint8_t, mavlink_message_t*, const mavlink_distance_sensor_t*)[m[K’:
[01m[K/opt/ros/noetic/include/mavlink/v2.0/common/./mavlink_msg_distance_sensor.h:200:387:[m[K [01;35m[Kwarning: [m[Ktaking address of packed member of ‘[01m[K__mavlink_distance_sensor_t[m[K’ may result in an unaligned pointer value [[01;35m[K-Waddress-of-packed-member[m[K]
  200 |     return mavlink_msg_distance_sensor_pack(system_id, component_id, msg, distance_sensor->time_boot_ms, distance_sensor->min_distance, distance_sensor->max_distance, distance_sensor->current_distance, distance_sensor->type, distance_sensor->id, distance_sensor->orientation, distance_sensor->covariance, distance_sensor->horizontal_fov, distance_sensor->vertical_fov, [01;35m[Kdistance_sensor->quaternion[m[K, distance_sensor->signal_quality);
      |                                                                                                                                                                                                                                                                                                                                                                                  [01;35m[K~~~~~~~~~~~~~~~~~^~~~~~~~~~[m[K
[01m[K/opt/ros/noetic/include/mavlink/v2.0/common/./mavlink_msg_distance_sensor.h:[m[K In function ‘[01m[Kuint16_t mavlink_msg_distance_sensor_encode_chan(uint8_t, uint8_t, uint8_t, mavlink_message_t*, const mavlink_distance_sensor_t*)[m[K’:
[01m[K/opt/ros/noetic/include/mavlink/v2.0/common/./mavlink_msg_distance_sensor.h:214:398:[m[K [01;35m[Kwarning: [m[Ktaking address of packed member of ‘[01m[K__mavlink_distance_sensor_t[m[K’ may result in an unaligned pointer value [[01;35m[K-Waddress-of-packed-member[m[K]
  214 |     return mavlink_msg_distance_sensor_pack_chan(system_id, component_id, chan, msg, distance_sensor->time_boot_ms, distance_sensor->min_distance, distance_sensor->max_distance, distance_sensor->current_distance, distance_sensor->type, distance_sensor->id, distance_sensor->orientation, distance_sensor->covariance, distance_sensor->horizontal_fov, distance_sensor->vertical_fov, [01;35m[Kdistance_sensor->quaternion[m[K, distance_sensor->signal_quality);
      |                                                                                                                                                                                                                                                                                                                                                                                             [01;35m[K~~~~~~~~~~~~~~~~~^~~~~~~~~~[m[K
In file included from [01m[K/opt/ros/noetic/include/mavlink/v2.0/common/common.h:2644[m[K,
                 from [01m[K/opt/ros/noetic/include/mavlink/v2.0/common/mavlink.h:32[m[K,
                 from [01m[K/home/harshit/2022_tracking/src/rotors_simulator/rotors_hil_interface/include/rotors_hil_interface/hil_interface.h:27[m[K,
                 from [01m[K/home/harshit/2022_tracking/src/rotors_simulator/rotors_hil_interface/include/rotors_hil_interface/hil_interface_node.h:22[m[K,
                 from [01m[K/home/harshit/2022_tracking/src/rotors_simulator/rotors_hil_interface/src/hil_interface_node.cpp:17[m[K:
[01m[K/opt/ros/noetic/include/mavlink/v2.0/common/./mavlink_msg_battery_status.h:[m[K In function ‘[01m[Kuint16_t mavlink_msg_battery_status_encode(uint8_t, uint8_t, mavlink_message_t*, const mavlink_battery_status_t*)[m[K’:
[01m[K/opt/ros/noetic/include/mavlink/v2.0/common/./mavlink_msg_battery_status.h:219:195:[m[K [01;35m[Kwarning: [m[Ktaking address of packed member of ‘[01m[K__mavlink_battery_status_t[m[K’ may result in an unaligned pointer value [[01;35m[K-Waddress-of-packed-member[m[K]
  219 |     return mavlink_msg_battery_status_pack(system_id, component_id, msg, battery_status->id, battery_status->battery_function, battery_status->type, battery_status->temperature, [01;35m[Kbattery_status->voltages[m[K, battery_status->current_battery, battery_status->current_consumed, battery_status->energy_consumed, battery_status->battery_remaining, battery_status->time_remaining, battery_status->charge_state, battery_status->voltages_ext, battery_status->mode, battery_status->fault_bitmask);
      |                                                                                                                                                                                   [01;35m[K~~~~~~~~~~~~~~~~^~~~~~~~[m[K
[01m[K/opt/ros/noetic/include/mavlink/v2.0/common/./mavlink_msg_battery_status.h:219:418:[m[K [01;35m[Kwarning: [m[Ktaking address of packed member of ‘[01m[K__mavlink_battery_status_t[m[K’ may result in an unaligned pointer value [[01;35m[K-Waddress-of-packed-member[m[K]
  219 |     return mavlink_msg_battery_status_pack(system_id, component_id, msg, battery_status->id, battery_status->battery_function, battery_status->type, battery_status->temperature, battery_status->voltages, battery_status->current_battery, battery_status->current_consumed, battery_status->energy_consumed, battery_status->battery_remaining, battery_status->time_remaining, battery_status->charge_state, [01;35m[Kbattery_status->voltages_ext[m[K, battery_status->mode, battery_status->fault_bitmask);
      |                                                                                                                                                                                                                                                                                                                                                                                                                  [01;35m[K~~~~~~~~~~~~~~~~^~~~~~~~~~~~[m[K
[01m[K/opt/ros/noetic/include/mavlink/v2.0/common/./mavlink_msg_battery_status.h:[m[K In function ‘[01m[Kuint16_t mavlink_msg_battery_status_encode_chan(uint8_t, uint8_t, uint8_t, mavlink_message_t*, const mavlink_battery_status_t*)[m[K’:
[01m[K/opt/ros/noetic/include/mavlink/v2.0/common/./mavlink_msg_battery_status.h:233:206:[m[K [01;35m[Kwarning: [m[Ktaking address of packed member of ‘[01m[K__mavlink_battery_status_t[m[K’ may result in an unaligned pointer value [[01;35m[K-Waddress-of-packed-member[m[K]
  233 |     return mavlink_msg_battery_status_pack_chan(system_id, component_id, chan, msg, battery_status->id, battery_status->battery_function, battery_status->type, battery_status->temperature, [01;35m[Kbattery_status->voltages[m[K, battery_status->current_battery, battery_status->current_consumed, battery_status->energy_consumed, battery_status->battery_remaining, battery_status->time_remaining, battery_status->charge_state, battery_status->voltages_ext, battery_status->mode, battery_status->fault_bitmask);
      |                                                                                                                                                                                              [01;35m[K~~~~~~~~~~~~~~~~^~~~~~~~[m[K
[01m[K/opt/ros/noetic/include/mavlink/v2.0/common/./mavlink_msg_battery_status.h:233:429:[m[K [01;35m[Kwarning: [m[Ktaking address of packed member of ‘[01m[K__mavlink_battery_status_t[m[K’ may result in an unaligned pointer value [[01;35m[K-Waddress-of-packed-member[m[K]
  233 |     return mavlink_msg_battery_status_pack_chan(system_id, component_id, chan, msg, battery_status->id, battery_status->battery_function, battery_status->type, battery_status->temperature, battery_status->voltages, battery_status->current_battery, battery_status->current_consumed, battery_status->energy_consumed, battery_status->battery_remaining, battery_status->time_remaining, battery_status->charge_state, [01;35m[Kbattery_status->voltages_ext[m[K, battery_status->mode, battery_status->fault_bitmask);
      |                                                                                                                                                                                                                                                                                                                                                                                                                             [01;35m[K~~~~~~~~~~~~~~~~^~~~~~~~~~~~[m[K
In file included from [01m[K/opt/ros/noetic/include/mavlink/v2.0/common/common.h:2646[m[K,
                 from [01m[K/opt/ros/noetic/include/mavlink/v2.0/common/mavlink.h:32[m[K,
                 from [01m[K/home/harshit/2022_tracking/src/rotors_simulator/rotors_hil_interface/include/rotors_hil_interface/hil_interface.h:27[m[K,
                 from [01m[K/home/harshit/2022_tracking/src/rotors_simulator/rotors_hil_interface/include/rotors_hil_interface/hil_interface_node.h:22[m[K,
                 from [01m[K/home/harshit/2022_tracking/src/rotors_simulator/rotors_hil_interface/src/hil_interface_node.cpp:17[m[K:
[01m[K/opt/ros/noetic/include/mavlink/v2.0/common/./mavlink_msg_landing_target.h:[m[K In function ‘[01m[Kuint16_t mavlink_msg_landing_target_encode(uint8_t, uint8_t, mavlink_message_t*, const mavlink_landing_target_t*)[m[K’:
[01m[K/opt/ros/noetic/include/mavlink/v2.0/common/./mavlink_msg_landing_target.h:218:349:[m[K [01;35m[Kwarning: [m[Ktaking address of packed member of ‘[01m[K__mavlink_landing_target_t[m[K’ may result in an unaligned pointer value [[01;35m[K-Waddress-of-packed-member[m[K]
  218 |     return mavlink_msg_landing_target_pack(system_id, component_id, msg, landing_target->time_usec, landing_target->target_num, landing_target->frame, landing_target->angle_x, landing_target->angle_y, landing_target->distance, landing_target->size_x, landing_target->size_y, landing_target->x, landing_target->y, landing_target->z, [01;35m[Klanding_target->q[m[K, landing_target->type, landing_target->position_valid);
      |                                                                                                                                                                                                                                                                                                                                             [01;35m[K~~~~~~~~~~~~~~~~^[m[K
[01m[K/opt/ros/noetic/include/mavlink/v2.0/common/./mavlink_msg_landing_target.h:[m[K In function ‘[01m[Kuint16_t mavlink_msg_landing_target_encode_chan(uint8_t, uint8_t, uint8_t, mavlink_message_t*, const mavlink_landing_target_t*)[m[K’:
[01m[K/opt/ros/noetic/include/mavlink/v2.0/common/./mavlink_msg_landing_target.h:232:360:[m[K [01;35m[Kwarning: [m[Ktaking address of packed member of ‘[01m[K__mavlink_landing_target_t[m[K’ may result in an unaligned pointer value [[01;35m[K-Waddress-of-packed-member[m[K]
  232 |     return mavlink_msg_landing_target_pack_chan(system_id, component_id, chan, msg, landing_target->time_usec, landing_target->target_num, landing_target->frame, landing_target->angle_x, landing_target->angle_y, landing_target->distance, landing_target->size_x, landing_target->size_y, landing_target->x, landing_target->y, landing_target->z, [01;35m[Klanding_target->q[m[K, landing_target->type, landing_target->position_valid);
      |                                                                                                                                                                                                                                                                                                                                                        [01;35m[K~~~~~~~~~~~~~~~~^[m[K
In file included from [01m[K/opt/ros/noetic/include/mavlink/v2.0/common/common.h:2657[m[K,
                 from [01m[K/opt/ros/noetic/include/mavlink/v2.0/common/mavlink.h:32[m[K,
                 from [01m[K/home/harshit/2022_tracking/src/rotors_simulator/rotors_hil_interface/include/rotors_hil_interface/hil_interface.h:27[m[K,
                 from [01m[K/home/harshit/2022_tracking/src/rotors_simulator/rotors_hil_interface/include/rotors_hil_interface/hil_interface_node.h:22[m[K,
                 from [01m[K/home/harshit/2022_tracking/src/rotors_simulator/rotors_hil_interface/src/hil_interface_node.cpp:17[m[K:
[01m[K/opt/ros/noetic/include/mavlink/v2.0/common/./mavlink_msg_home_position.h:[m[K In function ‘[01m[Kuint16_t mavlink_msg_home_position_encode(uint8_t, uint8_t, mavlink_message_t*, const mavlink_home_position_t*)[m[K’:
[01m[K/opt/ros/noetic/include/mavlink/v2.0/common/./mavlink_msg_home_position.h:191:218:[m[K [01;35m[Kwarning: [m[Ktaking address of packed member of ‘[01m[K__mavlink_home_position_t[m[K’ may result in an unaligned pointer value [[01;35m[K-Waddress-of-packed-member[m[K]
  191 |     return mavlink_msg_home_position_pack(system_id, component_id, msg, home_position->latitude, home_position->longitude, home_position->altitude, home_position->x, home_position->y, home_position->z, [01;35m[Khome_position->q[m[K, home_position->approach_x, home_position->approach_y, home_position->approach_z, home_position->time_usec);
      |                                                                                                                                                                                                           [01;35m[K~~~~~~~~~~~~~~~^[m[K
[01m[K/opt/ros/noetic/include/mavlink/v2.0/common/./mavlink_msg_home_position.h:[m[K In function ‘[01m[Kuint16_t mavlink_msg_home_position_encode_chan(uint8_t, uint8_t, uint8_t, mavlink_message_t*, const mavlink_home_position_t*)[m[K’:
[01m[K/opt/ros/noetic/include/mavlink/v2.0/common/./mavlink_msg_home_position.h:205:229:[m[K [01;35m[Kwarning: [m[Ktaking address of packed member of ‘[01m[K__mavlink_home_position_t[m[K’ may result in an unaligned pointer value [[01;35m[K-Waddress-of-packed-member[m[K]
  205 |     return mavlink_msg_home_position_pack_chan(system_id, component_id, chan, msg, home_position->latitude, home_position->longitude, home_position->altitude, home_position->x, home_position->y, home_position->z, [01;35m[Khome_position->q[m[K, home_position->approach_x, home_position->approach_y, home_position->approach_z, home_position->time_usec);
      |                                                                                                                                                                                                                      [01;35m[K~~~~~~~~~~~~~~~^[m[K
In file included from [01m[K/opt/ros/noetic/include/mavlink/v2.0/common/common.h:2658[m[K,
                 from [01m[K/opt/ros/noetic/include/mavlink/v2.0/common/mavlink.h:32[m[K,
                 from [01m[K/home/harshit/2022_tracking/src/rotors_simulator/rotors_hil_interface/include/rotors_hil_interface/hil_interface.h:27[m[K,
                 from [01m[K/home/harshit/2022_tracking/src/rotors_simulator/rotors_hil_interface/include/rotors_hil_interface/hil_interface_node.h:22[m[K,
                 from [01m[K/home/harshit/2022_tracking/src/rotors_simulator/rotors_hil_interface/src/hil_interface_node.cpp:17[m[K:
[01m[K/opt/ros/noetic/include/mavlink/v2.0/common/./mavlink_msg_set_home_position.h:[m[K In function ‘[01m[Kuint16_t mavlink_msg_set_home_position_encode(uint8_t, uint8_t, mavlink_message_t*, const mavlink_set_home_position_t*)[m[K’:
[01m[K/opt/ros/noetic/include/mavlink/v2.0/common/./mavlink_msg_set_home_position.h:200:284:[m[K [01;35m[Kwarning: [m[Ktaking address of packed member of ‘[01m[K__mavlink_set_home_position_t[m[K’ may result in an unaligned pointer value [[01;35m[K-Waddress-of-packed-member[m[K]
  200 |     return mavlink_msg_set_home_position_pack(system_id, component_id, msg, set_home_position->target_system, set_home_position->latitude, set_home_position->longitude, set_home_position->altitude, set_home_position->x, set_home_position->y, set_home_position->z, [01;35m[Kset_home_position->q[m[K, set_home_position->approach_x, set_home_position->approach_y, set_home_position->approach_z, set_home_position->time_usec);
      |                                                                                                                                                                                                                                                                         [01;35m[K~~~~~~~~~~~~~~~~~~~^[m[K
[01m[K/opt/ros/noetic/include/mavlink/v2.0/common/./mavlink_msg_set_home_position.h:[m[K In function ‘[01m[Kuint16_t mavlink_msg_set_home_position_encode_chan(uint8_t, uint8_t, uint8_t, mavlink_message_t*, const mavlink_set_home_position_t*)[m[K’:
[01m[K/opt/ros/noetic/include/mavlink/v2.0/common/./mavlink_msg_set_home_position.h:214:295:[m[K [01;35m[Kwarning: [m[Ktaking address of packed member of ‘[01m[K__mavlink_set_home_position_t[m[K’ may result in an unaligned pointer value [[01;35m[K-Waddress-of-packed-member[m[K]
  214 |     return mavlink_msg_set_home_position_pack_chan(system_id, component_id, chan, msg, set_home_position->target_system, set_home_position->latitude, set_home_position->longitude, set_home_position->altitude, set_home_position->x, set_home_position->y, set_home_position->z, [01;35m[Kset_home_position->q[m[K, set_home_position->approach_x, set_home_position->approach_y, set_home_position->approach_z, set_home_position->time_usec);
      |                                                                                                                                                                                                                                                                                    [01;35m[K~~~~~~~~~~~~~~~~~~~^[m[K
In file included from [01m[K/opt/ros/noetic/include/mavlink/v2.0/common/common.h:2708[m[K,
                 from [01m[K/opt/ros/noetic/include/mavlink/v2.0/common/mavlink.h:32[m[K,
                 from [01m[K/home/harshit/2022_tracking/src/rotors_simulator/rotors_hil_interface/include/rotors_hil_interface/hil_interface.h:27[m[K,
                 from [01m[K/home/harshit/2022_tracking/src/rotors_simulator/rotors_hil_interface/include/rotors_hil_interface/hil_interface_node.h:22[m[K,
                 from [01m[K/home/harshit/2022_tracking/src/rotors_simulator/rotors_hil_interface/src/hil_interface_node.cpp:17[m[K:
[01m[K/opt/ros/noetic/include/mavlink/v2.0/common/./mavlink_msg_obstacle_distance.h:[m[K In function ‘[01m[Kuint16_t mavlink_msg_obstacle_distance_encode(uint8_t, uint8_t, mavlink_message_t*, const mavlink_obstacle_distance_t*)[m[K’:
[01m[K/opt/ros/noetic/include/mavlink/v2.0/common/./mavlink_msg_obstacle_distance.h:173:158:[m[K [01;35m[Kwarning: [m[Ktaking address of packed member of ‘[01m[K__mavlink_obstacle_distance_t[m[K’ may result in an unaligned pointer value [[01;35m[K-Waddress-of-packed-member[m[K]
  173 |     return mavlink_msg_obstacle_distance_pack(system_id, component_id, msg, obstacle_distance->time_usec, obstacle_distance->sensor_type, [01;35m[Kobstacle_distance->distances[m[K, obstacle_distance->increment, obstacle_distance->min_distance, obstacle_distance->max_distance, obstacle_distance->increment_f, obstacle_distance->angle_offset, obstacle_distance->frame);
      |                                                                                                                                           [01;35m[K~~~~~~~~~~~~~~~~~~~^~~~~~~~~[m[K
[01m[K/opt/ros/noetic/include/mavlink/v2.0/common/./mavlink_msg_obstacle_distance.h:[m[K In function ‘[01m[Kuint16_t mavlink_msg_obstacle_distance_encode_chan(uint8_t, uint8_t, uint8_t, mavlink_message_t*, const mavlink_obstacle_distance_t*)[m[K’:
[01m[K/opt/ros/noetic/include/mavlink/v2.0/common/./mavlink_msg_obstacle_distance.h:187:169:[m[K [01;35m[Kwarning: [m[Ktaking address of packed member of ‘[01m[K__mavlink_obstacle_distance_t[m[K’ may result in an unaligned pointer value [[01;35m[K-Waddress-of-packed-member[m[K]
  187 |     return mavlink_msg_obstacle_distance_pack_chan(system_id, component_id, chan, msg, obstacle_distance->time_usec, obstacle_distance->sensor_type, [01;35m[Kobstacle_distance->distances[m[K, obstacle_distance->increment, obstacle_distance->min_distance, obstacle_distance->max_distance, obstacle_distance->increment_f, obstacle_distance->angle_offset, obstacle_distance->frame);
      |                                                                                                                                                      [01;35m[K~~~~~~~~~~~~~~~~~~~^~~~~~~~~[m[K
[01m[K/home/harshit/2022_tracking/src/rotors_simulator/rotors_hil_interface/src/hil_interface_node.cpp:[m[K In constructor ‘[01m[Krotors_hil::HilInterfaceNode::HilInterfaceNode()[m[K’:
[01m[K/home/harshit/2022_tracking/src/rotors_simulator/rotors_hil_interface/src/hil_interface_node.cpp:51:27:[m[K [01;35m[Kwarning: [m[K‘[01m[Ktemplate<class> class std::auto_ptr[m[K’ is deprecated [[01;35m[K-Wdeprecated-declarations[m[K]
   51 |     hil_interface_ = std::[01;35m[Kauto_ptr[m[K<HilSensorLevelInterface>(new HilSensorLevelInterface(q_S_B));
      |                           [01;35m[K^~~~~~~~[m[K
In file included from [01m[K/usr/include/c++/9/memory:80[m[K,
                 from [01m[K/home/harshit/2022_tracking/src/rotors_simulator/rotors_hil_interface/include/rotors_hil_interface/hil_interface_node.h:20[m[K,
                 from [01m[K/home/harshit/2022_tracking/src/rotors_simulator/rotors_hil_interface/src/hil_interface_node.cpp:17[m[K:
[01m[K/usr/include/c++/9/bits/unique_ptr.h:53:28:[m[K [01;36m[Knote: [m[Kdeclared here
   53 |   template<typename> class [01;36m[Kauto_ptr[m[K;
      |                            [01;36m[K^~~~~~~~[m[K
[01m[K/home/harshit/2022_tracking/src/rotors_simulator/rotors_hil_interface/src/hil_interface_node.cpp:53:27:[m[K [01;35m[Kwarning: [m[K‘[01m[Ktemplate<class> class std::auto_ptr[m[K’ is deprecated [[01;35m[K-Wdeprecated-declarations[m[K]
   53 |     hil_interface_ = std::[01;35m[Kauto_ptr[m[K<HilStateLevelInterface>(new HilStateLevelInterface(q_S_B));
      |                           [01;35m[K^~~~~~~~[m[K
In file included from [01m[K/usr/include/c++/9/memory:80[m[K,
                 from [01m[K/home/harshit/2022_tracking/src/rotors_simulator/rotors_hil_interface/include/rotors_hil_interface/hil_interface_node.h:20[m[K,
                 from [01m[K/home/harshit/2022_tracking/src/rotors_simulator/rotors_hil_interface/src/hil_interface_node.cpp:17[m[K:
[01m[K/usr/include/c++/9/bits/unique_ptr.h:53:28:[m[K [01;36m[Knote: [m[Kdeclared here
   53 |   template<typename> class [01;36m[Kauto_ptr[m[K;
      |                            [01;36m[K^~~~~~~~[m[K
[100%] [32m[1mLinking CXX executable /home/harshit/2022_tracking/devel/.private/rotors_hil_interface/lib/rotors_hil_interface/rotors_hil_interface_node[0m
[100%] Built target rotors_hil_interface_node
