[  0%] Built target std_srvs_generate_messages_nodejs
[  0%] Built target nodelet_generate_messages_py
[  0%] Built target bond_generate_messages_nodejs
[  0%] Built target nodelet_generate_messages_nodejs
[  0%] Built target bond_generate_messages_py
[  0%] Built target rosgraph_msgs_generate_messages_nodejs
[  0%] Built target roscpp_generate_messages_nodejs
[  0%] Built target roscpp_generate_messages_cpp
[  0%] Built target rosgraph_msgs_generate_messages_cpp
[  0%] Built target trajectory_msgs_generate_messages_py
[  0%] Built target roscpp_generate_messages_eus
[  0%] Built target rosgraph_msgs_generate_messages_eus
[  0%] Built target dynamic_reconfigure_generate_messages_nodejs
[  0%] Built target bond_generate_messages_cpp
[  0%] Built target bond_generate_messages_eus
[  0%] Built target tf2_msgs_generate_messages_py
[  0%] Built target std_srvs_generate_messages_eus
[  0%] Built target gazebo_msgs_generate_messages_lisp
[  0%] Built target tf_generate_messages_py
[  0%] Built target actionlib_msgs_generate_messages_nodejs
[  0%] Built target actionlib_msgs_generate_messages_lisp
[  0%] Built target geometry_msgs_generate_messages_lisp
[  0%] Built target rosgraph_msgs_generate_messages_lisp
[  0%] Built target geometry_msgs_generate_messages_nodejs
[  0%] Built target gazebo_msgs_generate_messages_eus
[  0%] Built target dynamic_reconfigure_generate_messages_eus
[  0%] Built target mav_msgs_generate_messages_cpp
[  0%] Built target roscpp_generate_messages_py
[  0%] Built target sensor_msgs_generate_messages_nodejs
[  0%] Built target trajectory_msgs_generate_messages_eus
[  0%] Built target mav_msgs_generate_messages_eus
[  0%] Built target std_srvs_generate_messages_cpp
[  0%] Built target std_msgs_generate_messages_cpp
[  0%] Built target gazebo_plugins_gencfg
[  0%] Built target gazebo_msgs_generate_messages_cpp
[  0%] Built target trajectory_msgs_generate_messages_cpp
[  0%] Built target nav_msgs_generate_messages_cpp
[  0%] Built target std_srvs_generate_messages_lisp
[  0%] Built target std_msgs_generate_messages_eus
[  0%] Built target roscpp_generate_messages_lisp
[  0%] Built target nodelet_generate_messages_lisp
[  0%] Built target actionlib_generate_messages_lisp
[  0%] Built target gazebo_msgs_generate_messages_py
[  0%] Built target rotors_comm_generate_messages_cpp
[  0%] Built target std_msgs_generate_messages_nodejs
[  0%] Built target sensor_msgs_generate_messages_cpp
[  0%] Built target gazebo_msgs_generate_messages_nodejs
[  0%] Built target nodelet_generate_messages_eus
[  0%] Built target nav_msgs_generate_messages_nodejs
[  0%] Built target trajectory_msgs_generate_messages_lisp
[  0%] Built target trajectory_msgs_generate_messages_nodejs
[  0%] Built target rotors_comm_generate_messages_lisp
[  0%] Built target std_msgs_generate_messages_py
[  0%] Built target tf2_msgs_generate_messages_eus
[  0%] Built target sensor_msgs_generate_messages_eus
[  0%] Built target geometry_msgs_generate_messages_py
[  0%] Built target sensor_msgs_generate_messages_py
[  0%] Built target geometry_msgs_generate_messages_eus
[  0%] Built target geometry_msgs_generate_messages_cpp
[  0%] Built target nav_msgs_generate_messages_py
[  0%] Built target tf_generate_messages_eus
[  0%] Built target bond_generate_messages_lisp
[  0%] Built target visualization_msgs_generate_messages_cpp
[  0%] Built target tf_generate_messages_lisp
[  0%] Built target actionlib_msgs_generate_messages_cpp
[  0%] Built target actionlib_msgs_generate_messages_py
[  0%] Built target actionlib_msgs_generate_messages_eus
[  0%] Built target _catkin_empty_exported_target
[  0%] Built target tf_generate_messages_cpp
[  0%] Built target topic_tools_generate_messages_py
[  0%] Built target actionlib_generate_messages_cpp
[  0%] Built target tf_generate_messages_nodejs
[  0%] Built target nav_msgs_generate_messages_eus
[  0%] Built target mav_msgs_generate_messages_nodejs
[  0%] Built target std_srvs_generate_messages_py
[  0%] Built target actionlib_generate_messages_nodejs
[  0%] Built target nav_msgs_generate_messages_lisp
[  0%] Built target octomap_msgs_generate_messages_py
[  0%] Built target actionlib_generate_messages_py
[  0%] Built target tf2_msgs_generate_messages_cpp
[  0%] Built target dynamic_reconfigure_generate_messages_cpp
[  0%] Built target tf2_msgs_generate_messages_lisp
[  0%] Built target dynamic_reconfigure_generate_messages_lisp
[  0%] Built target dynamic_reconfigure_gencfg
[  0%] Built target visualization_msgs_generate_messages_nodejs
[  0%] Built target visualization_msgs_generate_messages_lisp
[  0%] Built target visualization_msgs_generate_messages_py
[  0%] Built target mav_msgs_generate_messages_lisp
[  0%] Built target rosgraph_msgs_generate_messages_py
[  0%] Built target octomap_msgs_generate_messages_cpp
[  0%] Built target topic_tools_generate_messages_cpp
[  0%] Built target std_msgs_generate_messages_lisp
[  0%] Built target visualization_msgs_generate_messages_eus
[  0%] Built target mav_msgs_generate_messages_py
[  0%] Built target octomap_msgs_generate_messages_eus
[  0%] Built target octomap_msgs_generate_messages_lisp
[  0%] Built target actionlib_generate_messages_eus
[  1%] [34m[1mRunning cpp protocol buffer compiler on /home/harshit/2022_tracking/src/rotors_simulator/rotors_gazebo_plugins/msgs/WrenchStamped.proto[0m
[  1%] Built target topic_tools_generate_messages_eus
[  1%] Built target topic_tools_generate_messages_lisp
[  1%] Built target topic_tools_generate_messages_nodejs
[  1%] Built target octomap_msgs_generate_messages_nodejs
[  1%] Built target rotors_comm_generate_messages_nodejs
[  2%] [34m[1mRunning cpp protocol buffer compiler on /home/harshit/2022_tracking/src/rotors_simulator/rotors_gazebo_plugins/msgs/CommandMotorSpeed.proto[0m
[  2%] Built target nodelet_generate_messages_cpp
[  3%] [34m[1mRunning cpp protocol buffer compiler on /home/harshit/2022_tracking/src/rotors_simulator/rotors_gazebo_plugins/msgs/Actuators.proto[0m
[  3%] Built target sensor_msgs_generate_messages_lisp
[  3%] Built target tf2_msgs_generate_messages_nodejs
[  3%] Built target rotors_comm_generate_messages_eus
[  4%] [34m[1mRunning cpp protocol buffer compiler on /home/harshit/2022_tracking/src/rotors_simulator/rotors_gazebo_plugins/msgs/ConnectGazeboToRosTopic.proto[0m
[  6%] [34m[1mRunning cpp protocol buffer compiler on /home/harshit/2022_tracking/src/rotors_simulator/rotors_gazebo_plugins/msgs/ConnectRosToGazeboTopic.proto[0m
[  6%] [34m[1mRunning cpp protocol buffer compiler on /home/harshit/2022_tracking/src/rotors_simulator/rotors_gazebo_plugins/msgs/Float32.proto[0m
[  7%] [34m[1mRunning cpp protocol buffer compiler on /home/harshit/2022_tracking/src/rotors_simulator/rotors_gazebo_plugins/msgs/FluidPressure.proto[0m
[  9%] [34m[1mRunning cpp protocol buffer compiler on /home/harshit/2022_tracking/src/rotors_simulator/rotors_gazebo_plugins/msgs/JointState.proto[0m
[  9%] [34m[1mRunning cpp protocol buffer compiler on /home/harshit/2022_tracking/src/rotors_simulator/rotors_gazebo_plugins/msgs/Imu.proto[0m
[ 10%] [34m[1mRunning cpp protocol buffer compiler on /home/harshit/2022_tracking/src/rotors_simulator/rotors_gazebo_plugins/msgs/Header.proto[0m
[ 11%] [34m[1mRunning cpp protocol buffer compiler on /home/harshit/2022_tracking/src/rotors_simulator/rotors_gazebo_plugins/msgs/Lidar.proto[0m
[ 14%] [34m[1mRunning cpp protocol buffer compiler on /home/harshit/2022_tracking/src/rotors_simulator/rotors_gazebo_plugins/msgs/NavSatFix.proto[0m
[ 14%] [34m[1mRunning cpp protocol buffer compiler on /home/harshit/2022_tracking/src/rotors_simulator/rotors_gazebo_plugins/msgs/MagneticField.proto[0m
[ 14%] Built target rotors_comm_generate_messages_py
[ 15%] [34m[1mRunning cpp protocol buffer compiler on /home/harshit/2022_tracking/src/rotors_simulator/rotors_gazebo_plugins/msgs/Odometry.proto[0m
[ 17%] [34m[1mRunning cpp protocol buffer compiler on /home/harshit/2022_tracking/src/rotors_simulator/rotors_gazebo_plugins/msgs/OpticalFlow.proto[0m
[ 17%] [34m[1mRunning cpp protocol buffer compiler on /home/harshit/2022_tracking/src/rotors_simulator/rotors_gazebo_plugins/msgs/Point.proto[0m
MagneticField.proto: warning: Import quaternion.proto but not used.
[ 18%] [34m[1mRunning cpp protocol buffer compiler on /home/harshit/2022_tracking/src/rotors_simulator/rotors_gazebo_plugins/msgs/PointStamped.proto[0m
[ 19%] [34m[1mRunning cpp protocol buffer compiler on /home/harshit/2022_tracking/src/rotors_simulator/rotors_gazebo_plugins/msgs/PoseStamped.proto[0m
[ 21%] [34m[1mRunning cpp protocol buffer compiler on /home/harshit/2022_tracking/src/rotors_simulator/rotors_gazebo_plugins/msgs/PoseWithCovariance.proto[0m
[ 21%] [34m[1mRunning cpp protocol buffer compiler on /home/harshit/2022_tracking/src/rotors_simulator/rotors_gazebo_plugins/msgs/PoseWithCovarianceStamped.proto[0m
[ 21%] Built target dynamic_reconfigure_generate_messages_py
[ 22%] [34m[1mRunning cpp protocol buffer compiler on /home/harshit/2022_tracking/src/rotors_simulator/rotors_gazebo_plugins/msgs/Transform.proto[0m
[ 23%] [34m[1mRunning cpp protocol buffer compiler on /home/harshit/2022_tracking/src/rotors_simulator/rotors_gazebo_plugins/msgs/TransformStamped.proto[0m
[ 25%] [34m[1mRunning cpp protocol buffer compiler on /home/harshit/2022_tracking/src/rotors_simulator/rotors_gazebo_plugins/msgs/Twist.proto[0m
[ 26%] [34m[1mRunning cpp protocol buffer compiler on /home/harshit/2022_tracking/src/rotors_simulator/rotors_gazebo_plugins/msgs/RollPitchYawrateThrust.proto[0m
[ 27%] [34m[1mRunning cpp protocol buffer compiler on /home/harshit/2022_tracking/src/rotors_simulator/rotors_gazebo_plugins/msgs/TwistStamped.proto[0m
[ 30%] [34m[1mRunning cpp protocol buffer compiler on /home/harshit/2022_tracking/src/rotors_simulator/rotors_gazebo_plugins/msgs/TwistWithCovariance.proto[0m
[ 30%] [34m[1mRunning cpp protocol buffer compiler on /home/harshit/2022_tracking/src/rotors_simulator/rotors_gazebo_plugins/msgs/Vector3dStamped.proto[0m
[ 30%] [34m[1mRunning cpp protocol buffer compiler on /home/harshit/2022_tracking/src/rotors_simulator/rotors_gazebo_plugins/msgs/TransformStampedWithFrameIds.proto[0m
[ 31%] [34m[1mRunning cpp protocol buffer compiler on /home/harshit/2022_tracking/src/rotors_simulator/rotors_gazebo_plugins/msgs/Wrench.proto[0m
[ 32%] [34m[1mRunning cpp protocol buffer compiler on /home/harshit/2022_tracking/src/rotors_simulator/rotors_gazebo_plugins/msgs/WindSpeed.proto[0m
[ 35%] [32mBuilding CXX object CMakeFiles/mav_msgs.dir/ConnectRosToGazeboTopic.pb.cc.o[0m
[ 35%] [32mBuilding CXX object CMakeFiles/mav_msgs.dir/CommandMotorSpeed.pb.cc.o[0m
[ 35%] [32mBuilding CXX object CMakeFiles/mav_msgs.dir/Actuators.pb.cc.o[0m
[ 36%] [32mBuilding CXX object CMakeFiles/mav_msgs.dir/ConnectGazeboToRosTopic.pb.cc.o[0m
[ 38%] [32mBuilding CXX object CMakeFiles/mav_msgs.dir/Float32.pb.cc.o[0m
[ 39%] [32mBuilding CXX object CMakeFiles/mav_msgs.dir/FluidPressure.pb.cc.o[0m
[ 39%] [32mBuilding CXX object CMakeFiles/mav_msgs.dir/Lidar.pb.cc.o[0m
[ 41%] [32mBuilding CXX object CMakeFiles/mav_msgs.dir/Header.pb.cc.o[0m
[ 41%] [32mBuilding CXX object CMakeFiles/mav_msgs.dir/Imu.pb.cc.o[0m
[ 42%] [32mBuilding CXX object CMakeFiles/mav_msgs.dir/MagneticField.pb.cc.o[0m
[ 43%] [32mBuilding CXX object CMakeFiles/mav_msgs.dir/JointState.pb.cc.o[0m
[ 44%] [32mBuilding CXX object CMakeFiles/mav_msgs.dir/NavSatFix.pb.cc.o[0m
[ 45%] [32mBuilding CXX object CMakeFiles/mav_msgs.dir/Odometry.pb.cc.o[0m
[ 46%] [32mBuilding CXX object CMakeFiles/mav_msgs.dir/OpticalFlow.pb.cc.o[0m
[ 47%] [32mBuilding CXX object CMakeFiles/mav_msgs.dir/Point.pb.cc.o[0m
[ 48%] [32mBuilding CXX object CMakeFiles/mav_msgs.dir/PointStamped.pb.cc.o[0m
[ 50%] [32mBuilding CXX object CMakeFiles/mav_msgs.dir/PoseStamped.pb.cc.o[0m
[ 51%] [32mBuilding CXX object CMakeFiles/mav_msgs.dir/PoseWithCovariance.pb.cc.o[0m
[ 52%] [32mBuilding CXX object CMakeFiles/mav_msgs.dir/PoseWithCovarianceStamped.pb.cc.o[0m
[ 53%] [32mBuilding CXX object CMakeFiles/mav_msgs.dir/RollPitchYawrateThrust.pb.cc.o[0m
[ 54%] [32mBuilding CXX object CMakeFiles/mav_msgs.dir/Transform.pb.cc.o[0m
[ 55%] [32mBuilding CXX object CMakeFiles/mav_msgs.dir/TransformStamped.pb.cc.o[0m
[ 56%] [32mBuilding CXX object CMakeFiles/mav_msgs.dir/TransformStampedWithFrameIds.pb.cc.o[0m
[ 57%] [32mBuilding CXX object CMakeFiles/mav_msgs.dir/Twist.pb.cc.o[0m
[ 58%] [32mBuilding CXX object CMakeFiles/mav_msgs.dir/TwistStamped.pb.cc.o[0m
[ 59%] [32mBuilding CXX object CMakeFiles/mav_msgs.dir/TwistWithCovariance.pb.cc.o[0m
[ 60%] [32mBuilding CXX object CMakeFiles/mav_msgs.dir/Vector3dStamped.pb.cc.o[0m
[ 61%] [32mBuilding CXX object CMakeFiles/mav_msgs.dir/WindSpeed.pb.cc.o[0m
[ 63%] [32mBuilding CXX object CMakeFiles/mav_msgs.dir/Wrench.pb.cc.o[0m
[ 64%] [32mBuilding CXX object CMakeFiles/mav_msgs.dir/WrenchStamped.pb.cc.o[0m
[ 65%] [32m[1mLinking CXX shared library libmav_msgs.so[0m
[ 65%] Built target mav_msgs
[ 67%] [32mBuilding CXX object CMakeFiles/rotors_gazebo_wind_plugin.dir/src/gazebo_wind_plugin.cpp.o[0m
[ 67%] [32mBuilding CXX object CMakeFiles/LiftDragPlugin.dir/src/liftdrag_plugin/liftdrag_plugin.cpp.o[0m
[ 67%] [32mBuilding CXX object CMakeFiles/rotors_gazebo_motor_model.dir/src/gazebo_motor_model.cpp.o[0m
[ 68%] [32mBuilding CXX object CMakeFiles/rotors_gazebo_noisydepth_plugin.dir/src/gazebo_noisydepth_plugin.cpp.o[0m
[ 70%] [32mBuilding CXX object CMakeFiles/rotors_gazebo_bag_plugin.dir/src/gazebo_bag_plugin.cpp.o[0m
[ 70%] [32mBuilding CXX object CMakeFiles/rotors_gazebo_pressure_plugin.dir/src/gazebo_pressure_plugin.cpp.o[0m
[ 72%] [32mBuilding CXX object CMakeFiles/gazebo_geotagged_images_plugin.dir/src/external/gazebo_geotagged_images_plugin.cpp.o[0m
[ 72%] [32mBuilding CXX object CMakeFiles/rotors_gazebo_ros_interface_plugin.dir/src/gazebo_ros_interface_plugin.cpp.o[0m
[ 73%] [32mBuilding CXX object CMakeFiles/rotors_gazebo_multirotor_base_plugin.dir/src/gazebo_multirotor_base_plugin.cpp.o[0m
[ 76%] [32mBuilding CXX object CMakeFiles/rotors_gazebo_odometry_plugin.dir/src/gazebo_odometry_plugin.cpp.o[0m
[ 76%] [32mBuilding CXX object CMakeFiles/rotors_gazebo_controller_interface.dir/src/gazebo_controller_interface.cpp.o[0m
[ 77%] [32mBuilding CXX object CMakeFiles/rotors_gazebo_fw_dynamics_plugin.dir/src/gazebo_fw_dynamics_plugin.cpp.o[0m
[ 78%] [32m[1mLinking CXX shared library /home/harshit/2022_tracking/devel/.private/rotors_gazebo_plugins/lib/libLiftDragPlugin.so[0m
[ 78%] Built target LiftDragPlugin
[ 79%] [32mBuilding CXX object CMakeFiles/rotors_gazebo_imu_plugin.dir/src/gazebo_imu_plugin.cpp.o[0m
[ 80%] [32m[1mLinking CXX shared library /home/harshit/2022_tracking/devel/.private/rotors_gazebo_plugins/lib/librotors_gazebo_imu_plugin.so[0m
[ 80%] Built target rotors_gazebo_imu_plugin
[ 81%] [32mBuilding CXX object CMakeFiles/rotors_gazebo_gps_plugin.dir/src/gazebo_gps_plugin.cpp.o[0m
[ 82%] [32m[1mLinking CXX shared library /home/harshit/2022_tracking/devel/.private/rotors_gazebo_plugins/lib/librotors_gazebo_gps_plugin.so[0m
[ 82%] Built target rotors_gazebo_gps_plugin
[ 83%] [32mBuilding CXX object CMakeFiles/rotors_gazebo_lidar_plugin.dir/src/external/gazebo_lidar_plugin.cpp.o[0m
[ 84%] [32m[1mLinking CXX shared library /home/harshit/2022_tracking/devel/.private/rotors_gazebo_plugins/lib/librotors_gazebo_lidar_plugin.so[0m
[ 84%] Built target rotors_gazebo_lidar_plugin
[ 85%] [32mBuilding CXX object CMakeFiles/rotors_gazebo_magnetometer_plugin.dir/src/gazebo_magnetometer_plugin.cpp.o[0m
[ 86%] [32m[1mLinking CXX shared library /home/harshit/2022_tracking/devel/.private/rotors_gazebo_plugins/lib/librotors_gazebo_magnetometer_plugin.so[0m
[ 86%] Built target rotors_gazebo_magnetometer_plugin
[ 88%] [32mBuilding CXX object CMakeFiles/rotors_gazebo_noisydepth_plugin.dir/src/depth_noise_model.cpp.o[0m
[ 89%] [32m[1mLinking CXX shared library /home/harshit/2022_tracking/devel/.private/rotors_gazebo_plugins/lib/librotors_gazebo_controller_interface.so[0m
[ 90%] [32m[1mLinking CXX shared library /home/harshit/2022_tracking/devel/.private/rotors_gazebo_plugins/lib/librotors_gazebo_motor_model.so[0m
[ 90%] Built target rotors_gazebo_controller_interface
[ 90%] Built target rotors_gazebo_motor_model
[ 91%] [32m[1mLinking CXX shared library /home/harshit/2022_tracking/devel/.private/rotors_gazebo_plugins/lib/librotors_gazebo_ros_interface_plugin.so[0m
[ 92%] [32m[1mLinking CXX shared library /home/harshit/2022_tracking/devel/.private/rotors_gazebo_plugins/lib/librotors_gazebo_odometry_plugin.so[0m
[ 93%] [32m[1mLinking CXX shared library /home/harshit/2022_tracking/devel/.private/rotors_gazebo_plugins/lib/librotors_gazebo_multirotor_base_plugin.so[0m
[ 94%] [32m[1mLinking CXX shared library /home/harshit/2022_tracking/devel/.private/rotors_gazebo_plugins/lib/librotors_gazebo_pressure_plugin.so[0m
[ 95%] [32m[1mLinking CXX shared library /home/harshit/2022_tracking/devel/.private/rotors_gazebo_plugins/lib/librotors_gazebo_wind_plugin.so[0m
[ 96%] [32m[1mLinking CXX shared library /home/harshit/2022_tracking/devel/.private/rotors_gazebo_plugins/lib/librotors_gazebo_fw_dynamics_plugin.so[0m
[ 96%] Built target rotors_gazebo_ros_interface_plugin
[ 96%] Built target rotors_gazebo_multirotor_base_plugin
[ 96%] Built target rotors_gazebo_odometry_plugin
[ 97%] [32m[1mLinking CXX shared library /home/harshit/2022_tracking/devel/.private/rotors_gazebo_plugins/lib/librotors_gazebo_bag_plugin.so[0m
[ 97%] Built target rotors_gazebo_pressure_plugin
[ 97%] Built target rotors_gazebo_wind_plugin
[ 97%] Built target rotors_gazebo_fw_dynamics_plugin
[ 97%] Built target rotors_gazebo_bag_plugin
[ 98%] [32m[1mLinking CXX shared library /home/harshit/2022_tracking/devel/.private/rotors_gazebo_plugins/lib/librotors_gazebo_noisydepth_plugin.so[0m
[ 98%] Built target rotors_gazebo_noisydepth_plugin
[100%] [32m[1mLinking CXX shared library /home/harshit/2022_tracking/devel/.private/rotors_gazebo_plugins/lib/libgazebo_geotagged_images_plugin.so[0m
[100%] Built target gazebo_geotagged_images_plugin
