[  0%] Built target sensor_msgs_generate_messages_eus
[  0%] Built target sensor_msgs_generate_messages_nodejs
[  0%] Built target geometry_msgs_generate_messages_py
[  0%] Built target geometry_msgs_generate_messages_eus
[  0%] Built target trajectory_msgs_generate_messages_lisp
[  0%] Built target roscpp_generate_messages_cpp
[  0%] Built target sensor_msgs_generate_messages_lisp
[  0%] Built target sensor_msgs_generate_messages_py
[  0%] Built target geometry_msgs_generate_messages_cpp
[  0%] Built target mav_msgs_generate_messages_nodejs
[  0%] Built target trajectory_msgs_generate_messages_nodejs
[  0%] Built target std_msgs_generate_messages_nodejs
[  0%] Built target std_msgs_generate_messages_py
[  0%] Built target roscpp_generate_messages_lisp
[  0%] Built target sensor_msgs_generate_messages_cpp
[  0%] Built target gazebo_msgs_generate_messages_nodejs
[  0%] Built target std_msgs_generate_messages_lisp
[  0%] Built target std_srvs_generate_messages_nodejs
[  0%] Built target gazebo_msgs_generate_messages_cpp
[  0%] Built target gazebo_msgs_generate_messages_lisp
[  0%] Built target rosgraph_msgs_generate_messages_lisp
[  0%] Built target rosgraph_msgs_generate_messages_py
[  0%] Built target gazebo_msgs_generate_messages_py
[  0%] Built target std_msgs_generate_messages_cpp
[  0%] Built target std_srvs_generate_messages_cpp
[  0%] Built target std_msgs_generate_messages_eus
[  0%] Built target std_srvs_generate_messages_py
[  0%] Built target trajectory_msgs_generate_messages_cpp
[  0%] Built target mav_msgs_generate_messages_lisp
[  0%] Built target geometry_msgs_generate_messages_lisp
[  0%] Built target std_srvs_generate_messages_lisp
[  0%] Built target std_srvs_generate_messages_eus
[  0%] Built target trajectory_msgs_generate_messages_py
[  0%] Built target rosgraph_msgs_generate_messages_eus
[  0%] Built target rosgraph_msgs_generate_messages_cpp
[  0%] Built target geometry_msgs_generate_messages_nodejs
[  0%] Built target mav_msgs_generate_messages_eus
[  0%] Built target roscpp_generate_messages_eus
[  0%] Built target gazebo_msgs_generate_messages_eus
[  0%] Built target mav_msgs_generate_messages_py
[35m[1mConsolidate compiler generated dependencies of target webcam_pub[0m
[  0%] Built target roscpp_generate_messages_nodejs
[  0%] Built target roscpp_generate_messages_py
[  0%] Built target mav_msgs_generate_messages_cpp
[  0%] Built target trajectory_msgs_generate_messages_eus
[  0%] Built target rosgraph_msgs_generate_messages_nodejs
[  9%] Built target sdf
[35m[1mConsolidate compiler generated dependencies of target hovering_example[0m
[35m[1mConsolidate compiler generated dependencies of target waypoint_publisher[0m
[35m[1mConsolidate compiler generated dependencies of target waypoint_publisher_file[0m
[ 18%] [32mBuilding CXX object CMakeFiles/colour_based_detection.dir/src/colour_based_detection.cpp.o[0m
[ 36%] Built target webcam_pub
[ 54%] Built target hovering_example
[ 72%] Built target waypoint_publisher_file
[ 90%] Built target waypoint_publisher
[100%] [32m[1mLinking CXX executable /home/harshit/2022_tracking/devel/.private/rotors_gazebo/lib/rotors_gazebo/colour_based_detection[0m
[100%] Built target colour_based_detection
