Symlinking /home/harshit/2022_tracking/devel/share/common-lisp/ros/rotors_comm/srv/_package_RecordRosbag.lisp
Symlinking /home/harshit/2022_tracking/devel/share/common-lisp/ros/rotors_comm/srv/_package.lisp
Symlinking /home/harshit/2022_tracking/devel/share/common-lisp/ros/rotors_comm/srv/rotors_comm-srv.asd
Symlinking /home/harshit/2022_tracking/devel/share/common-lisp/ros/rotors_comm/srv/Octomap.lisp
Symlinking /home/harshit/2022_tracking/devel/share/common-lisp/ros/rotors_comm/srv/_package_Octomap.lisp
Symlinking /home/harshit/2022_tracking/devel/share/common-lisp/ros/rotors_comm/srv/RecordRosbag.lisp
Symlinking /home/harshit/2022_tracking/devel/share/common-lisp/ros/rotors_comm/msg/_package.lisp
Symlinking /home/harshit/2022_tracking/devel/share/common-lisp/ros/rotors_comm/msg/_package_WindSpeed.lisp
Symlinking /home/harshit/2022_tracking/devel/share/common-lisp/ros/rotors_comm/msg/rotors_comm-msg.asd
Symlinking /home/harshit/2022_tracking/devel/share/common-lisp/ros/rotors_comm/msg/WindSpeed.lisp
Symlinking /home/harshit/2022_tracking/devel/share/rotors_comm/cmake/rotors_commConfig-version.cmake
Symlinking /home/harshit/2022_tracking/devel/share/rotors_comm/cmake/rotors_commConfig.cmake
Symlinking /home/harshit/2022_tracking/devel/share/rotors_comm/cmake/rotors_comm-msg-extras.cmake
Symlinking /home/harshit/2022_tracking/devel/share/rotors_comm/cmake/rotors_comm-msg-paths.cmake
Symlinking /home/harshit/2022_tracking/devel/share/roseus/ros/rotors_comm/manifest.l
Symlinking /home/harshit/2022_tracking/devel/share/roseus/ros/rotors_comm/srv/Octomap.l
Symlinking /home/harshit/2022_tracking/devel/share/roseus/ros/rotors_comm/srv/RecordRosbag.l
Symlinking /home/harshit/2022_tracking/devel/share/roseus/ros/rotors_comm/msg/WindSpeed.l
Symlinking /home/harshit/2022_tracking/devel/share/gennodejs/ros/rotors_comm/_index.js
Symlinking /home/harshit/2022_tracking/devel/share/gennodejs/ros/rotors_comm/srv/_index.js
Symlinking /home/harshit/2022_tracking/devel/share/gennodejs/ros/rotors_comm/srv/Octomap.js
Symlinking /home/harshit/2022_tracking/devel/share/gennodejs/ros/rotors_comm/srv/RecordRosbag.js
Symlinking /home/harshit/2022_tracking/devel/share/gennodejs/ros/rotors_comm/msg/_index.js
Symlinking /home/harshit/2022_tracking/devel/share/gennodejs/ros/rotors_comm/msg/WindSpeed.js
Symlinking /home/harshit/2022_tracking/devel/include/rotors_comm/OctomapRequest.h
Symlinking /home/harshit/2022_tracking/devel/include/rotors_comm/RecordRosbag.h
Symlinking /home/harshit/2022_tracking/devel/include/rotors_comm/RecordRosbagRequest.h
Symlinking /home/harshit/2022_tracking/devel/include/rotors_comm/Octomap.h
Symlinking /home/harshit/2022_tracking/devel/include/rotors_comm/WindSpeed.h
Symlinking /home/harshit/2022_tracking/devel/include/rotors_comm/RecordRosbagResponse.h
Symlinking /home/harshit/2022_tracking/devel/include/rotors_comm/OctomapResponse.h
Symlinking /home/harshit/2022_tracking/devel/lib/pkgconfig/rotors_comm.pc
Symlinking /home/harshit/2022_tracking/devel/lib/python3/dist-packages/rotors_comm/__init__.py
Symlinking /home/harshit/2022_tracking/devel/lib/python3/dist-packages/rotors_comm/srv/_RecordRosbag.py
Symlinking /home/harshit/2022_tracking/devel/lib/python3/dist-packages/rotors_comm/srv/_Octomap.py
Symlinking /home/harshit/2022_tracking/devel/lib/python3/dist-packages/rotors_comm/srv/__init__.py
Symlinking /home/harshit/2022_tracking/devel/lib/python3/dist-packages/rotors_comm/msg/_WindSpeed.py
Symlinking /home/harshit/2022_tracking/devel/lib/python3/dist-packages/rotors_comm/msg/__init__.py
